{"total": {"lines":{"total":1768,"covered":687,"skipped":0,"pct":38.85},"statements":{"total":1895,"covered":708,"skipped":0,"pct":37.36},"functions":{"total":487,"covered":106,"skipped":0,"pct":21.76},"branches":{"total":1255,"covered":300,"skipped":0,"pct":23.9},"branchesTrue":{"total":0,"covered":0,"skipped":0,"pct":100}}
,"D:\\assignment-mobile\\context\\SocketNotificationContext.tsx": {"lines":{"total":78,"covered":53,"skipped":0,"pct":67.94},"functions":{"total":26,"covered":18,"skipped":0,"pct":69.23},"statements":{"total":91,"covered":58,"skipped":0,"pct":63.73},"branches":{"total":72,"covered":28,"skipped":0,"pct":38.88}}
,"D:\\assignment-mobile\\screens\\common\\AccountScreen.tsx": {"lines":{"total":62,"covered":57,"skipped":0,"pct":91.93},"functions":{"total":6,"covered":6,"skipped":0,"pct":100},"statements":{"total":65,"covered":59,"skipped":0,"pct":90.76},"branches":{"total":36,"covered":31,"skipped":0,"pct":86.11}}
,"D:\\assignment-mobile\\screens\\common\\ForgotPasswordScreen.tsx": {"lines":{"total":14,"covered":0,"skipped":0,"pct":0},"functions":{"total":3,"covered":0,"skipped":0,"pct":0},"statements":{"total":14,"covered":0,"skipped":0,"pct":0},"branches":{"total":8,"covered":0,"skipped":0,"pct":0}}
,"D:\\assignment-mobile\\screens\\common\\HomeScreen.tsx": {"lines":{"total":113,"covered":45,"skipped":0,"pct":39.82},"functions":{"total":23,"covered":4,"skipped":0,"pct":17.39},"statements":{"total":122,"covered":45,"skipped":0,"pct":36.88},"branches":{"total":99,"covered":12,"skipped":0,"pct":12.12}}
,"D:\\assignment-mobile\\screens\\common\\LoginScreen.tsx": {"lines":{"total":29,"covered":0,"skipped":0,"pct":0},"functions":{"total":5,"covered":0,"skipped":0,"pct":0},"statements":{"total":29,"covered":0,"skipped":0,"pct":0},"branches":{"total":16,"covered":0,"skipped":0,"pct":0}}
,"D:\\assignment-mobile\\screens\\common\\NotificationScreen.tsx": {"lines":{"total":81,"covered":0,"skipped":0,"pct":0},"functions":{"total":23,"covered":0,"skipped":0,"pct":0},"statements":{"total":91,"covered":0,"skipped":0,"pct":0},"branches":{"total":60,"covered":0,"skipped":0,"pct":0}}
,"D:\\assignment-mobile\\screens\\common\\OnboardingScreen.tsx": {"lines":{"total":5,"covered":5,"skipped":0,"pct":100},"functions":{"total":2,"covered":2,"skipped":0,"pct":100},"statements":{"total":5,"covered":5,"skipped":0,"pct":100},"branches":{"total":0,"covered":0,"skipped":0,"pct":100}}
,"D:\\assignment-mobile\\screens\\common\\ResetPasswordScreen.tsx": {"lines":{"total":8,"covered":0,"skipped":0,"pct":0},"functions":{"total":3,"covered":0,"skipped":0,"pct":0},"statements":{"total":8,"covered":0,"skipped":0,"pct":0},"branches":{"total":6,"covered":0,"skipped":0,"pct":0}}
,"D:\\assignment-mobile\\screens\\common\\SettingScreen.tsx": {"lines":{"total":49,"covered":35,"skipped":0,"pct":71.42},"functions":{"total":17,"covered":8,"skipped":0,"pct":47.05},"statements":{"total":52,"covered":38,"skipped":0,"pct":73.07},"branches":{"total":30,"covered":19,"skipped":0,"pct":63.33}}
,"D:\\assignment-mobile\\screens\\common\\SignUpScreen.tsx": {"lines":{"total":32,"covered":0,"skipped":0,"pct":0},"functions":{"total":3,"covered":0,"skipped":0,"pct":0},"statements":{"total":32,"covered":0,"skipped":0,"pct":0},"branches":{"total":22,"covered":0,"skipped":0,"pct":0}}
,"D:\\assignment-mobile\\screens\\common\\StartScreen.tsx": {"lines":{"total":4,"covered":0,"skipped":0,"pct":0},"functions":{"total":2,"covered":0,"skipped":0,"pct":0},"statements":{"total":4,"covered":0,"skipped":0,"pct":0},"branches":{"total":0,"covered":0,"skipped":0,"pct":100}}
,"D:\\assignment-mobile\\screens\\common\\WalkthroughScreen.tsx": {"lines":{"total":19,"covered":0,"skipped":0,"pct":0},"functions":{"total":7,"covered":0,"skipped":0,"pct":0},"statements":{"total":20,"covered":0,"skipped":0,"pct":0},"branches":{"total":8,"covered":0,"skipped":0,"pct":0}}
,"D:\\assignment-mobile\\screens\\organizer\\AddLocation.tsx": {"lines":{"total":158,"covered":45,"skipped":0,"pct":28.48},"functions":{"total":45,"covered":3,"skipped":0,"pct":6.66},"statements":{"total":163,"covered":47,"skipped":0,"pct":28.83},"branches":{"total":60,"covered":6,"skipped":0,"pct":10}}
,"D:\\assignment-mobile\\screens\\organizer\\AddTask.tsx": {"lines":{"total":136,"covered":52,"skipped":0,"pct":38.23},"functions":{"total":33,"covered":6,"skipped":0,"pct":18.18},"statements":{"total":144,"covered":52,"skipped":0,"pct":36.11},"branches":{"total":107,"covered":29,"skipped":0,"pct":27.1}}
,"D:\\assignment-mobile\\screens\\organizer\\CreateEvent.tsx": {"lines":{"total":95,"covered":35,"skipped":0,"pct":36.84},"functions":{"total":26,"covered":4,"skipped":0,"pct":15.38},"statements":{"total":104,"covered":35,"skipped":0,"pct":33.65},"branches":{"total":64,"covered":18,"skipped":0,"pct":28.12}}
,"D:\\assignment-mobile\\screens\\organizer\\EventDetailScreen.tsx": {"lines":{"total":27,"covered":20,"skipped":0,"pct":74.07},"functions":{"total":10,"covered":5,"skipped":0,"pct":50},"statements":{"total":27,"covered":20,"skipped":0,"pct":74.07},"branches":{"total":23,"covered":12,"skipped":0,"pct":52.17}}
,"D:\\assignment-mobile\\screens\\organizer\\EventsTasks.tsx": {"lines":{"total":89,"covered":58,"skipped":0,"pct":65.16},"functions":{"total":30,"covered":12,"skipped":0,"pct":40},"statements":{"total":96,"covered":60,"skipped":0,"pct":62.5},"branches":{"total":56,"covered":15,"skipped":0,"pct":26.78}}
,"D:\\assignment-mobile\\screens\\organizer\\MemberList.tsx": {"lines":{"total":172,"covered":55,"skipped":0,"pct":31.97},"functions":{"total":55,"covered":7,"skipped":0,"pct":12.72},"statements":{"total":187,"covered":57,"skipped":0,"pct":30.48},"branches":{"total":153,"covered":28,"skipped":0,"pct":18.3}}
,"D:\\assignment-mobile\\screens\\organizer\\TaskDetail.tsx": {"lines":{"total":179,"covered":67,"skipped":0,"pct":37.43},"functions":{"total":50,"covered":8,"skipped":0,"pct":16},"statements":{"total":194,"covered":69,"skipped":0,"pct":35.56},"branches":{"total":169,"covered":49,"skipped":0,"pct":28.99}}
,"D:\\assignment-mobile\\screens\\staff\\MapList.tsx": {"lines":{"total":28,"covered":7,"skipped":0,"pct":25},"functions":{"total":9,"covered":1,"skipped":0,"pct":11.11},"statements":{"total":30,"covered":7,"skipped":0,"pct":23.33},"branches":{"total":23,"covered":4,"skipped":0,"pct":17.39}}
,"D:\\assignment-mobile\\screens\\staff\\MapView.tsx": {"lines":{"total":122,"covered":35,"skipped":0,"pct":28.68},"functions":{"total":36,"covered":1,"skipped":0,"pct":2.77},"statements":{"total":127,"covered":35,"skipped":0,"pct":27.55},"branches":{"total":56,"covered":5,"skipped":0,"pct":8.92}}
,"D:\\assignment-mobile\\screens\\staff\\TaskDetail.tsx": {"lines":{"total":118,"covered":35,"skipped":0,"pct":29.66},"functions":{"total":21,"covered":3,"skipped":0,"pct":14.28},"statements":{"total":129,"covered":36,"skipped":0,"pct":27.9},"branches":{"total":112,"covered":16,"skipped":0,"pct":14.28}}
,"D:\\assignment-mobile\\screens\\staff\\TodayTask.tsx": {"lines":{"total":84,"covered":43,"skipped":0,"pct":51.19},"functions":{"total":23,"covered":7,"skipped":0,"pct":30.43},"statements":{"total":88,"covered":44,"skipped":0,"pct":50},"branches":{"total":57,"covered":16,"skipped":0,"pct":28.07}}
,"D:\\assignment-mobile\\services\\authService.ts": {"lines":{"total":5,"covered":0,"skipped":0,"pct":0},"functions":{"total":8,"covered":0,"skipped":0,"pct":0},"statements":{"total":9,"covered":0,"skipped":0,"pct":0},"branches":{"total":0,"covered":0,"skipped":0,"pct":100}}
,"D:\\assignment-mobile\\services\\socketService.ts": {"lines":{"total":61,"covered":40,"skipped":0,"pct":65.57},"functions":{"total":21,"covered":11,"skipped":0,"pct":52.38},"statements":{"total":64,"covered":41,"skipped":0,"pct":64.06},"branches":{"total":18,"covered":12,"skipped":0,"pct":66.66}}
}
