TN:
SF:screens\common\AccountScreen.tsx
FN:19,AccountScreen
FN:27,(anonymous_1)
FN:31,(anonymous_2)
FN:50,(anonymous_3)
FN:93,(anonymous_4)
FN:127,(anonymous_5)
FNF:6
FNH:0
FNDA:0,AccountScreen
FNDA:0,(anonymous_1)
FNDA:0,(anonymous_2)
FNDA:0,(anonymous_3)
FNDA:0,(anonymous_4)
FNDA:0,(anonymous_5)
DA:20,0
DA:21,0
DA:22,0
DA:23,0
DA:24,0
DA:25,0
DA:27,0
DA:28,0
DA:31,0
DA:32,0
DA:33,0
DA:34,0
DA:35,0
DA:36,0
DA:38,0
DA:39,0
DA:40,0
DA:41,0
DA:43,0
DA:44,0
DA:46,0
DA:50,0
DA:51,0
DA:52,0
DA:53,0
DA:57,0
DA:59,0
DA:65,0
DA:67,0
DA:68,0
DA:69,0
DA:70,0
DA:71,0
DA:76,0
DA:77,0
DA:78,0
DA:80,0
DA:81,0
DA:82,0
DA:83,0
DA:84,0
DA:87,0
DA:89,0
DA:93,0
DA:94,0
DA:97,0
DA:98,0
DA:99,0
DA:101,0
DA:102,0
DA:103,0
DA:104,0
DA:105,0
DA:106,0
DA:107,0
DA:109,0
DA:111,0
DA:113,0
DA:117,0
DA:119,0
DA:127,0
DA:226,0
LF:62
LH:0
BRDA:34,0,0,0
BRDA:34,0,1,0
BRDA:38,1,0,0
BRDA:38,1,1,0
BRDA:39,2,0,0
BRDA:39,2,1,0
BRDA:43,3,0,0
BRDA:43,3,1,0
BRDA:46,4,0,0
BRDA:46,4,1,0
BRDA:52,5,0,0
BRDA:52,5,1,0
BRDA:65,6,0,0
BRDA:65,6,1,0
BRDA:77,7,0,0
BRDA:77,7,1,0
BRDA:77,7,2,0
BRDA:81,8,0,0
BRDA:81,8,1,0
BRDA:97,9,0,0
BRDA:97,9,1,0
BRDA:104,10,0,0
BRDA:104,10,1,0
BRDA:117,11,0,0
BRDA:117,11,1,0
BRDA:117,11,2,0
BRDA:147,12,0,0
BRDA:147,12,1,0
BRDA:151,13,0,0
BRDA:151,13,1,0
BRDA:175,14,0,0
BRDA:175,14,1,0
BRDA:203,15,0,0
BRDA:203,15,1,0
BRDA:207,16,0,0
BRDA:207,16,1,0
BRF:36
BRH:0
end_of_record
TN:
SF:screens\common\ForgotPasswordScreen.tsx
FN:16,ForgotPasswordScreen
FN:20,(anonymous_1)
FN:31,(anonymous_2)
FNF:3
FNH:0
FNDA:0,ForgotPasswordScreen
FNDA:0,(anonymous_1)
FNDA:0,(anonymous_2)
DA:17,0
DA:18,0
DA:20,0
DA:21,0
DA:22,0
DA:23,0
DA:25,0
DA:26,0
DA:27,0
DA:28,0
DA:31,0
DA:34,0
DA:38,0
DA:93,0
LF:14
LH:0
BRDA:21,0,0,0
BRDA:21,0,1,0
BRDA:41,1,0,0
BRDA:41,1,1,0
BRDA:74,2,0,0
BRDA:74,2,1,0
BRDA:79,3,0,0
BRDA:79,3,1,0
BRF:8
BRH:0
end_of_record
TN:
SF:screens\common\HomeScreen.tsx
FN:26,CircularProgress
FN:95,formatTaskTime
FN:104,HomeScreen
FN:116,(anonymous_3)
FN:122,(anonymous_4)
FN:137,(anonymous_5)
FN:165,(anonymous_6)
FN:175,(anonymous_7)
FN:181,(anonymous_8)
FN:183,(anonymous_9)
FN:193,(anonymous_10)
FN:208,(anonymous_11)
FN:215,(anonymous_12)
FN:246,(anonymous_13)
FN:259,(anonymous_14)
FN:285,(anonymous_15)
FN:322,(anonymous_16)
FN:339,(anonymous_17)
FN:401,(anonymous_18)
FN:405,(anonymous_19)
FN:453,(anonymous_20)
FN:454,(anonymous_21)
FNF:22
FNH:0
FNDA:0,CircularProgress
FNDA:0,formatTaskTime
FNDA:0,HomeScreen
FNDA:0,(anonymous_3)
FNDA:0,(anonymous_4)
FNDA:0,(anonymous_5)
FNDA:0,(anonymous_6)
FNDA:0,(anonymous_7)
FNDA:0,(anonymous_8)
FNDA:0,(anonymous_9)
FNDA:0,(anonymous_10)
FNDA:0,(anonymous_11)
FNDA:0,(anonymous_12)
FNDA:0,(anonymous_13)
FNDA:0,(anonymous_14)
FNDA:0,(anonymous_15)
FNDA:0,(anonymous_16)
FNDA:0,(anonymous_17)
FNDA:0,(anonymous_18)
FNDA:0,(anonymous_19)
FNDA:0,(anonymous_20)
FNDA:0,(anonymous_21)
DA:27,0
DA:28,0
DA:29,0
DA:30,0
DA:31,0
DA:32,0
DA:73,0
DA:74,0
DA:82,0
DA:88,0
DA:96,0
DA:97,0
DA:98,0
DA:99,0
DA:100,0
DA:101,0
DA:105,0
DA:106,0
DA:107,0
DA:108,0
DA:109,0
DA:110,0
DA:111,0
DA:112,0
DA:113,0
DA:115,0
DA:117,0
DA:118,0
DA:122,0
DA:123,0
DA:124,0
DA:125,0
DA:126,0
DA:127,0
DA:128,0
DA:130,0
DA:131,0
DA:132,0
DA:133,0
DA:134,0
DA:135,0
DA:136,0
DA:137,0
DA:139,0
DA:140,0
DA:141,0
DA:144,0
DA:148,0
DA:149,0
DA:151,0
DA:152,0
DA:153,0
DA:156,0
DA:157,0
DA:158,0
DA:161,0
DA:162,0
DA:163,0
DA:164,0
DA:165,0
DA:166,0
DA:167,0
DA:169,0
DA:170,0
DA:171,0
DA:172,0
DA:174,0
DA:175,0
DA:177,0
DA:180,0
DA:181,0
DA:183,0
DA:184,0
DA:185,0
DA:187,0
DA:190,0
DA:191,0
DA:192,0
DA:194,0
DA:195,0
DA:196,0
DA:200,0
DA:202,0
DA:204,0
DA:208,0
DA:209,0
DA:210,0
DA:211,0
DA:212,0
DA:214,0
DA:215,0
DA:217,0
DA:219,0
DA:222,0
DA:224,0
DA:228,0
DA:246,0
DA:259,0
DA:285,0
DA:324,0
DA:326,0
DA:328,0
DA:329,0
DA:340,0
DA:402,0
DA:406,0
DA:453,0
DA:454,0
DA:461,0
LF:109
LH:0
BRDA:96,0,0,0
BRDA:96,0,1,0
BRDA:100,1,0,0
BRDA:100,1,1,0
BRDA:101,2,0,0
BRDA:101,2,1,0
BRDA:126,3,0,0
BRDA:126,3,1,0
BRDA:127,4,0,0
BRDA:127,4,1,0
BRDA:131,5,0,0
BRDA:131,5,1,0
BRDA:131,6,0,0
BRDA:131,6,1,0
BRDA:137,7,0,0
BRDA:137,7,1,0
BRDA:139,8,0,0
BRDA:139,8,1,0
BRDA:144,9,0,0
BRDA:144,9,1,0
BRDA:144,9,2,0
BRDA:144,9,3,0
BRDA:147,10,0,0
BRDA:147,10,1,0
BRDA:148,11,0,0
BRDA:148,11,1,0
BRDA:158,12,0,0
BRDA:158,12,1,0
BRDA:166,13,0,0
BRDA:166,13,1,0
BRDA:167,14,0,0
BRDA:167,14,1,0
BRDA:169,15,0,0
BRDA:169,15,1,0
BRDA:169,16,0,0
BRDA:169,16,1,0
BRDA:169,17,0,0
BRDA:169,17,1,0
BRDA:170,18,0,0
BRDA:170,18,1,0
BRDA:170,19,0,0
BRDA:170,19,1,0
BRDA:171,20,0,0
BRDA:171,20,1,0
BRDA:171,21,0,0
BRDA:171,21,1,0
BRDA:184,22,0,0
BRDA:184,22,1,0
BRDA:196,23,0,0
BRDA:196,23,1,0
BRDA:196,23,2,0
BRDA:210,24,0,0
BRDA:210,24,1,0
BRDA:214,25,0,0
BRDA:214,25,1,0
BRDA:219,26,0,0
BRDA:219,26,1,0
BRDA:224,27,0,0
BRDA:224,27,1,0
BRDA:253,28,0,0
BRDA:253,28,1,0
BRDA:264,29,0,0
BRDA:264,29,1,0
BRDA:267,30,0,0
BRDA:267,30,1,0
BRDA:278,31,0,0
BRDA:278,31,1,0
BRDA:303,32,0,0
BRDA:303,32,1,0
BRDA:324,33,0,0
BRDA:324,33,1,0
BRDA:326,34,0,0
BRDA:326,34,1,0
BRDA:328,35,0,0
BRDA:328,35,1,0
BRDA:385,36,0,0
BRDA:385,36,1,0
BRDA:390,37,0,0
BRDA:390,37,1,0
BRDA:426,38,0,0
BRDA:426,38,1,0
BRDA:430,39,0,0
BRDA:430,39,1,0
BRDA:439,40,0,0
BRDA:439,40,1,0
BRDA:442,41,0,0
BRDA:442,41,1,0
BRDA:443,42,0,0
BRDA:443,42,1,0
BRDA:447,43,0,0
BRDA:447,43,1,0
BRDA:449,44,0,0
BRDA:449,44,1,0
BRF:93
BRH:0
end_of_record
TN:
SF:screens\common\LoginScreen.tsx
FN:18,LoginScreen
FN:24,(anonymous_1)
FN:95,(anonymous_2)
FN:119,(anonymous_3)
FNF:4
FNH:0
FNDA:0,LoginScreen
FNDA:0,(anonymous_1)
FNDA:0,(anonymous_2)
FNDA:0,(anonymous_3)
DA:19,0
DA:20,0
DA:21,0
DA:22,0
DA:24,0
DA:25,0
DA:26,0
DA:27,0
DA:29,0
DA:30,0
DA:31,0
DA:32,0
DA:33,0
DA:34,0
DA:35,0
DA:36,0
DA:37,0
DA:39,0
DA:42,0
DA:44,0
DA:48,0
DA:95,0
DA:119,0
DA:131,0
LF:24
LH:0
BRDA:25,0,0,0
BRDA:25,0,1,0
BRDA:25,1,0,0
BRDA:25,1,1,0
BRDA:33,2,0,0
BRDA:33,2,1,0
BRDA:39,3,0,0
BRDA:39,3,1,0
BRDA:51,4,0,0
BRDA:51,4,1,0
BRDA:100,5,0,0
BRDA:100,5,1,0
BRDA:105,6,0,0
BRDA:105,6,1,0
BRDA:110,7,0,0
BRDA:110,7,1,0
BRF:16
BRH:0
end_of_record
TN:
SF:screens\common\NotificationScreen.tsx
FN:19,formatNotifMessage
FN:50,formatTime
FN:66,NotificationScreen
FN:72,(anonymous_3)
FN:77,(anonymous_4)
FN:87,(anonymous_5)
FN:92,(anonymous_6)
FN:93,(anonymous_7)
FN:96,(anonymous_8)
FN:98,(anonymous_9)
FN:104,(anonymous_10)
FN:109,(anonymous_11)
FN:114,(anonymous_12)
FN:117,(anonymous_13)
FN:117,(anonymous_14)
FN:123,(anonymous_15)
FN:129,(anonymous_16)
FN:134,(anonymous_17)
FN:190,(anonymous_18)
FN:204,(anonymous_19)
FN:219,(anonymous_20)
FN:223,(anonymous_21)
FN:224,(anonymous_22)
FNF:23
FNH:0
FNDA:0,formatNotifMessage
FNDA:0,formatTime
FNDA:0,NotificationScreen
FNDA:0,(anonymous_3)
FNDA:0,(anonymous_4)
FNDA:0,(anonymous_5)
FNDA:0,(anonymous_6)
FNDA:0,(anonymous_7)
FNDA:0,(anonymous_8)
FNDA:0,(anonymous_9)
FNDA:0,(anonymous_10)
FNDA:0,(anonymous_11)
FNDA:0,(anonymous_12)
FNDA:0,(anonymous_13)
FNDA:0,(anonymous_14)
FNDA:0,(anonymous_15)
FNDA:0,(anonymous_16)
FNDA:0,(anonymous_17)
FNDA:0,(anonymous_18)
FNDA:0,(anonymous_19)
FNDA:0,(anonymous_20)
FNDA:0,(anonymous_21)
FNDA:0,(anonymous_22)
DA:20,0
DA:22,0
DA:24,0
DA:26,0
DA:27,0
DA:28,0
DA:29,0
DA:32,0
DA:33,0
DA:36,0
DA:37,0
DA:38,0
DA:39,0
DA:40,0
DA:43,0
DA:44,0
DA:47,0
DA:51,0
DA:52,0
DA:53,0
DA:54,0
DA:62,0
DA:67,0
DA:68,0
DA:69,0
DA:70,0
DA:72,0
DA:73,0
DA:74,0
DA:75,0
DA:76,0
DA:77,0
DA:78,0
DA:80,0
DA:82,0
DA:83,0
DA:87,0
DA:88,0
DA:92,0
DA:93,0
DA:94,0
DA:95,0
DA:96,0
DA:98,0
DA:99,0
DA:103,0
DA:104,0
DA:105,0
DA:109,0
DA:110,0
DA:111,0
DA:114,0
DA:115,0
DA:116,0
DA:117,0
DA:119,0
DA:123,0
DA:124,0
DA:129,0
DA:134,0
DA:135,0
DA:136,0
DA:138,0
DA:139,0
DA:140,0
DA:141,0
DA:143,0
DA:144,0
DA:148,0
DA:149,0
DA:150,0
DA:151,0
DA:155,0
DA:156,0
DA:178,0
DA:190,0
DA:204,0
DA:220,0
DA:223,0
DA:224,0
DA:249,0
LF:81
LH:0
BRDA:20,0,0,0
BRDA:20,0,1,0
BRDA:20,0,2,0
BRDA:22,1,0,0
BRDA:22,1,1,0
BRDA:22,1,2,0
BRDA:24,2,0,0
BRDA:24,2,1,0
BRDA:24,2,2,0
BRDA:24,2,3,0
BRDA:26,3,0,0
BRDA:26,3,1,0
BRDA:26,4,0,0
BRDA:26,4,1,0
BRDA:28,5,0,0
BRDA:28,5,1,0
BRDA:32,6,0,0
BRDA:32,6,1,0
BRDA:36,7,0,0
BRDA:36,7,1,0
BRDA:37,8,0,0
BRDA:37,8,1,0
BRDA:37,9,0,0
BRDA:37,9,1,0
BRDA:39,10,0,0
BRDA:39,10,1,0
BRDA:43,11,0,0
BRDA:43,11,1,0
BRDA:47,12,0,0
BRDA:47,12,1,0
BRDA:47,12,2,0
BRDA:51,13,0,0
BRDA:51,13,1,0
BRDA:75,14,0,0
BRDA:75,14,1,0
BRDA:75,14,2,0
BRDA:76,15,0,0
BRDA:76,15,1,0
BRDA:94,16,0,0
BRDA:94,16,1,0
BRDA:95,17,0,0
BRDA:95,17,1,0
BRDA:98,18,0,0
BRDA:98,18,1,0
BRDA:135,19,0,0
BRDA:135,19,1,0
BRDA:136,20,0,0
BRDA:136,20,1,0
BRDA:143,21,0,0
BRDA:143,21,1,0
BRDA:148,22,0,0
BRDA:148,22,1,0
BRDA:150,23,0,0
BRDA:150,23,1,0
BRDA:155,24,0,0
BRDA:155,24,1,0
BRDA:204,25,0,0
BRDA:204,25,1,0
BRDA:233,26,0,0
BRDA:233,26,1,0
BRF:60
BRH:0
end_of_record
TN:
SF:screens\common\OnboardingScreen.tsx
FN:12,OnboardingScreen
FN:64,(anonymous_1)
FNF:2
FNH:0
FNDA:0,OnboardingScreen
FNDA:0,(anonymous_1)
DA:13,0
DA:14,0
DA:16,0
DA:64,0
DA:82,0
LF:5
LH:0
BRF:0
BRH:0
end_of_record
TN:
SF:screens\common\ResetPasswordScreen.tsx
FN:15,ResetPasswordScreen
FN:19,(anonymous_1)
FN:27,(anonymous_2)
FNF:3
FNH:0
FNDA:0,ResetPasswordScreen
FNDA:0,(anonymous_1)
FNDA:0,(anonymous_2)
DA:16,0
DA:17,0
DA:19,0
DA:20,0
DA:27,0
DA:28,0
DA:31,0
DA:87,0
LF:8
LH:0
BRDA:34,0,0,0
BRDA:34,0,1,0
BRDA:69,1,0,0
BRDA:69,1,1,0
BRDA:73,2,0,0
BRDA:73,2,1,0
BRF:6
BRH:0
end_of_record
TN:
SF:screens\common\SettingScreen.tsx
FN:39,SettingRow
FN:66,CustomToggle
FN:77,(anonymous_2)
FN:120,ToggleRow
FN:137,SettingScreen
FN:143,(anonymous_5)
FN:148,(anonymous_6)
FN:155,(anonymous_7)
FN:166,(anonymous_8)
FN:173,(anonymous_9)
FN:176,(anonymous_10)
FN:177,(anonymous_11)
FN:194,(anonymous_12)
FN:234,(anonymous_13)
FN:258,(anonymous_14)
FN:270,(anonymous_15)
FN:282,(anonymous_16)
FNF:17
FNH:0
FNDA:0,SettingRow
FNDA:0,CustomToggle
FNDA:0,(anonymous_2)
FNDA:0,ToggleRow
FNDA:0,SettingScreen
FNDA:0,(anonymous_5)
FNDA:0,(anonymous_6)
FNDA:0,(anonymous_7)
FNDA:0,(anonymous_8)
FNDA:0,(anonymous_9)
FNDA:0,(anonymous_10)
FNDA:0,(anonymous_11)
FNDA:0,(anonymous_12)
FNDA:0,(anonymous_13)
FNDA:0,(anonymous_14)
FNDA:0,(anonymous_15)
FNDA:0,(anonymous_16)
DA:49,0
DA:75,0
DA:77,0
DA:78,0
DA:79,0
DA:84,0
DA:87,0
DA:91,0
DA:96,0
DA:128,0
DA:138,0
DA:139,0
DA:140,0
DA:141,0
DA:143,0
DA:144,0
DA:145,0
DA:148,0
DA:149,0
DA:150,0
DA:151,0
DA:155,0
DA:156,0
DA:157,0
DA:158,0
DA:159,0
DA:160,0
DA:161,0
DA:162,0
DA:166,0
DA:167,0
DA:172,0
DA:173,0
DA:176,0
DA:177,0
DA:178,0
DA:179,0
DA:180,0
DA:183,0
DA:185,0
DA:194,0
DA:234,0
DA:259,0
DA:260,0
DA:271,0
DA:272,0
DA:283,0
DA:284,0
DA:319,0
LF:49
LH:0
BRDA:45,0,0,0
BRDA:54,1,0,0
BRDA:54,1,1,0
BRDA:59,2,0,0
BRDA:59,2,1,0
BRDA:60,3,0,0
BRDA:60,3,1,0
BRDA:75,4,0,0
BRDA:75,4,1,0
BRDA:80,5,0,0
BRDA:80,5,1,0
BRDA:151,6,0,0
BRDA:151,6,1,0
BRDA:158,7,0,0
BRDA:158,7,1,0
BRDA:158,7,2,0
BRDA:159,8,0,0
BRDA:159,8,1,0
BRDA:161,9,0,0
BRDA:161,9,1,0
BRDA:162,10,0,0
BRDA:162,10,1,0
BRDA:172,11,0,0
BRDA:172,11,1,0
BRDA:183,12,0,0
BRDA:183,12,1,0
BRDA:219,13,0,0
BRDA:219,13,1,0
BRDA:222,14,0,0
BRDA:222,14,1,0
BRF:30
BRH:0
end_of_record
TN:
SF:screens\common\SignUpScreen.tsx
FN:16,SignUpScreen
FN:25,(anonymous_1)
FN:145,(anonymous_2)
FNF:3
FNH:0
FNDA:0,SignUpScreen
FNDA:0,(anonymous_1)
FNDA:0,(anonymous_2)
DA:17,0
DA:18,0
DA:19,0
DA:20,0
DA:21,0
DA:22,0
DA:23,0
DA:25,0
DA:26,0
DA:27,0
DA:28,0
DA:30,0
DA:31,0
DA:32,0
DA:34,0
DA:35,0
DA:36,0
DA:38,0
DA:39,0
DA:40,0
DA:41,0
DA:42,0
DA:43,0
DA:44,0
DA:45,0
DA:46,0
DA:48,0
DA:51,0
DA:53,0
DA:57,0
DA:145,0
DA:157,0
LF:32
LH:0
BRDA:26,0,0,0
BRDA:26,0,1,0
BRDA:26,1,0,0
BRDA:26,1,1,0
BRDA:26,1,2,0
BRDA:26,1,3,0
BRDA:30,2,0,0
BRDA:30,2,1,0
BRDA:34,3,0,0
BRDA:34,3,1,0
BRDA:43,4,0,0
BRDA:43,4,1,0
BRDA:48,5,0,0
BRDA:48,5,1,0
BRDA:60,6,0,0
BRDA:60,6,1,0
BRDA:126,7,0,0
BRDA:126,7,1,0
BRDA:131,8,0,0
BRDA:131,8,1,0
BRDA:136,9,0,0
BRDA:136,9,1,0
BRF:22
BRH:0
end_of_record
TN:
SF:screens\common\StartScreen.tsx
FN:15,StartScreen
FN:43,(anonymous_1)
FNF:2
FNH:0
FNDA:0,StartScreen
FNDA:0,(anonymous_1)
DA:13,0
DA:16,0
DA:43,0
DA:54,0
LF:4
LH:0
BRF:0
BRH:0
end_of_record
TN:
SF:screens\common\WalkthroughScreen.tsx
FN:38,WalkthroughScreen
FN:42,(anonymous_1)
FN:55,(anonymous_2)
FN:60,(anonymous_3)
FN:90,(anonymous_4)
FN:91,(anonymous_5)
FN:107,(anonymous_6)
FNF:7
FNH:0
FNDA:0,WalkthroughScreen
FNDA:0,(anonymous_1)
FNDA:0,(anonymous_2)
FNDA:0,(anonymous_3)
FNDA:0,(anonymous_4)
FNDA:0,(anonymous_5)
FNDA:0,(anonymous_6)
DA:15,0
DA:17,0
DA:39,0
DA:40,0
DA:42,0
DA:43,0
DA:44,0
DA:45,0
DA:51,0
DA:55,0
DA:57,0
DA:60,0
DA:61,0
DA:62,0
DA:65,0
DA:90,0
DA:92,0
DA:108,0
DA:124,0
LF:19
LH:0
BRDA:43,0,0,0
BRDA:43,0,1,0
BRDA:62,1,0,0
BRDA:62,1,1,0
BRDA:110,2,0,0
BRDA:110,2,1,0
BRDA:116,3,0,0
BRDA:116,3,1,0
BRF:8
BRH:0
end_of_record
TN:
SF:screens\organizer\AddLocation.tsx
FN:34,(anonymous_0)
FN:37,pinchDistance
FN:43,MapEditorScreen
FN:46,(anonymous_3)
FN:72,(anonymous_4)
FN:74,(anonymous_5)
FN:93,(anonymous_6)
FN:105,(anonymous_7)
FN:112,(anonymous_8)
FN:126,(anonymous_9)
FN:128,(anonymous_10)
FN:130,(anonymous_11)
FN:139,(anonymous_12)
FN:159,(anonymous_13)
FN:162,(anonymous_14)
FN:170,(anonymous_15)
FN:194,(anonymous_16)
FN:195,(anonymous_17)
FN:195,(anonymous_18)
FN:205,(anonymous_19)
FN:213,(anonymous_20)
FN:214,(anonymous_21)
FN:226,(anonymous_22)
FN:227,(anonymous_23)
FN:233,(anonymous_24)
FN:234,(anonymous_25)
FN:235,(anonymous_26)
FN:243,(anonymous_27)
FN:249,(anonymous_28)
FN:255,(anonymous_29)
FN:256,(anonymous_30)
FN:257,(anonymous_31)
FN:261,(anonymous_32)
FN:264,(anonymous_33)
FN:265,(anonymous_34)
FN:277,(anonymous_35)
FN:288,(anonymous_36)
FN:318,(anonymous_37)
FN:330,(anonymous_38)
FN:342,(anonymous_39)
FN:343,(anonymous_40)
FN:380,(anonymous_41)
FN:388,(anonymous_42)
FN:401,(anonymous_43)
FN:439,(anonymous_44)
FNF:45
FNH:0
FNDA:0,(anonymous_0)
FNDA:0,pinchDistance
FNDA:0,MapEditorScreen
FNDA:0,(anonymous_3)
FNDA:0,(anonymous_4)
FNDA:0,(anonymous_5)
FNDA:0,(anonymous_6)
FNDA:0,(anonymous_7)
FNDA:0,(anonymous_8)
FNDA:0,(anonymous_9)
FNDA:0,(anonymous_10)
FNDA:0,(anonymous_11)
FNDA:0,(anonymous_12)
FNDA:0,(anonymous_13)
FNDA:0,(anonymous_14)
FNDA:0,(anonymous_15)
FNDA:0,(anonymous_16)
FNDA:0,(anonymous_17)
FNDA:0,(anonymous_18)
FNDA:0,(anonymous_19)
FNDA:0,(anonymous_20)
FNDA:0,(anonymous_21)
FNDA:0,(anonymous_22)
FNDA:0,(anonymous_23)
FNDA:0,(anonymous_24)
FNDA:0,(anonymous_25)
FNDA:0,(anonymous_26)
FNDA:0,(anonymous_27)
FNDA:0,(anonymous_28)
FNDA:0,(anonymous_29)
FNDA:0,(anonymous_30)
FNDA:0,(anonymous_31)
FNDA:0,(anonymous_32)
FNDA:0,(anonymous_33)
FNDA:0,(anonymous_34)
FNDA:0,(anonymous_35)
FNDA:0,(anonymous_36)
FNDA:0,(anonymous_37)
FNDA:0,(anonymous_38)
FNDA:0,(anonymous_39)
FNDA:0,(anonymous_40)
FNDA:0,(anonymous_41)
FNDA:0,(anonymous_42)
FNDA:0,(anonymous_43)
FNDA:0,(anonymous_44)
DA:26,0
DA:28,0
DA:29,0
DA:30,0
DA:31,0
DA:32,0
DA:34,0
DA:35,0
DA:38,0
DA:39,0
DA:40,0
DA:44,0
DA:45,0
DA:46,0
DA:47,0
DA:48,0
DA:49,0
DA:58,0
DA:59,0
DA:65,0
DA:66,0
DA:67,0
DA:68,0
DA:69,0
DA:70,0
DA:72,0
DA:73,0
DA:74,0
DA:75,0
DA:76,0
DA:82,0
DA:83,0
DA:84,0
DA:85,0
DA:86,0
DA:87,0
DA:88,0
DA:89,0
DA:90,0
DA:91,0
DA:93,0
DA:94,0
DA:95,0
DA:96,0
DA:97,0
DA:98,0
DA:99,0
DA:100,0
DA:101,0
DA:102,0
DA:105,0
DA:106,0
DA:107,0
DA:108,0
DA:109,0
DA:112,0
DA:113,0
DA:114,0
DA:115,0
DA:116,0
DA:124,0
DA:127,0
DA:128,0
DA:131,0
DA:132,0
DA:133,0
DA:134,0
DA:135,0
DA:140,0
DA:141,0
DA:142,0
DA:143,0
DA:144,0
DA:145,0
DA:146,0
DA:147,0
DA:149,0
DA:150,0
DA:153,0
DA:160,0
DA:163,0
DA:170,0
DA:171,0
DA:172,0
DA:173,0
DA:175,0
DA:176,0
DA:177,0
DA:178,0
DA:181,0
DA:187,0
DA:188,0
DA:194,0
DA:195,0
DA:197,0
DA:198,0
DA:205,0
DA:206,0
DA:207,0
DA:208,0
DA:209,0
DA:210,0
DA:211,0
DA:213,0
DA:214,0
DA:215,0
DA:226,0
DA:227,0
DA:228,0
DA:229,0
DA:230,0
DA:233,0
DA:234,0
DA:235,0
DA:236,0
DA:239,0
DA:240,0
DA:243,0
DA:244,0
DA:245,0
DA:246,0
DA:249,0
DA:250,0
DA:251,0
DA:254,0
DA:255,0
DA:256,0
DA:258,0
DA:259,0
DA:262,0
DA:264,0
DA:265,0
DA:268,0
DA:269,0
DA:272,0
DA:277,0
DA:288,0
DA:318,0
DA:331,0
DA:332,0
DA:333,0
DA:334,0
DA:335,0
DA:337,0
DA:339,0
DA:342,0
DA:343,0
DA:380,0
DA:388,0
DA:402,0
DA:403,0
DA:404,0
DA:406,0
DA:407,0
DA:412,0
DA:440,0
DA:441,0
DA:457,0
LF:158
LH:0
BRDA:48,0,0,0
BRDA:48,0,1,0
BRDA:48,1,0,0
BRDA:48,1,1,0
BRDA:54,2,0,0
BRDA:54,2,1,0
BRDA:73,3,0,0
BRDA:73,3,1,0
BRDA:75,4,0,0
BRDA:75,4,1,0
BRDA:133,5,0,0
BRDA:133,5,1,0
BRDA:141,6,0,0
BRDA:141,6,1,0
BRDA:142,7,0,0
BRDA:142,7,1,0
BRDA:172,8,0,0
BRDA:172,8,1,0
BRDA:173,9,0,0
BRDA:173,9,1,0
BRDA:197,10,0,0
BRDA:197,10,1,0
BRDA:206,11,0,0
BRDA:206,11,1,0
BRDA:207,12,0,0
BRDA:207,12,1,0
BRDA:215,13,0,0
BRDA:215,13,1,0
BRDA:229,14,0,0
BRDA:229,14,1,0
BRDA:236,15,0,0
BRDA:236,15,1,0
BRDA:250,16,0,0
BRDA:250,16,1,0
BRDA:291,17,0,0
BRDA:291,17,1,0
BRDA:294,18,0,0
BRDA:294,18,1,0
BRDA:322,19,0,0
BRDA:322,19,1,0
BRDA:332,20,0,0
BRDA:332,20,1,0
BRDA:333,21,0,0
BRDA:333,21,1,0
BRDA:347,22,0,0
BRDA:347,22,1,0
BRDA:351,23,0,0
BRDA:351,23,1,0
BRDA:354,24,0,0
BRDA:354,24,1,0
BRDA:355,25,0,0
BRDA:355,25,1,0
BRDA:357,26,0,0
BRDA:357,26,1,0
BRDA:402,27,0,0
BRDA:402,27,1,0
BRDA:410,28,0,0
BRDA:410,28,1,0
BRDA:421,29,0,0
BRDA:421,29,1,0
BRF:60
BRH:0
end_of_record
TN:
SF:screens\organizer\CreateEvent.tsx
FN:31,StepIndicator
FN:55,StepRow
FN:71,CreateEvent
FN:90,(anonymous_3)
FN:96,(anonymous_4)
FN:99,(anonymous_5)
FN:102,(anonymous_6)
FN:102,(anonymous_7)
FN:103,(anonymous_8)
FN:108,(anonymous_9)
FN:109,(anonymous_10)
FN:111,(anonymous_11)
FN:113,(anonymous_12)
FN:121,(anonymous_13)
FN:128,(anonymous_14)
FN:133,(anonymous_15)
FN:138,(anonymous_16)
FN:149,(anonymous_17)
FN:154,(anonymous_18)
FN:248,(anonymous_19)
FN:263,(anonymous_20)
FN:359,(anonymous_21)
FN:362,(anonymous_22)
FN:374,(anonymous_23)
FN:393,(anonymous_24)
FN:399,(anonymous_25)
FNF:26
FNH:0
FNDA:0,StepIndicator
FNDA:0,StepRow
FNDA:0,CreateEvent
FNDA:0,(anonymous_3)
FNDA:0,(anonymous_4)
FNDA:0,(anonymous_5)
FNDA:0,(anonymous_6)
FNDA:0,(anonymous_7)
FNDA:0,(anonymous_8)
FNDA:0,(anonymous_9)
FNDA:0,(anonymous_10)
FNDA:0,(anonymous_11)
FNDA:0,(anonymous_12)
FNDA:0,(anonymous_13)
FNDA:0,(anonymous_14)
FNDA:0,(anonymous_15)
FNDA:0,(anonymous_16)
FNDA:0,(anonymous_17)
FNDA:0,(anonymous_18)
FNDA:0,(anonymous_19)
FNDA:0,(anonymous_20)
FNDA:0,(anonymous_21)
FNDA:0,(anonymous_22)
FNDA:0,(anonymous_23)
FNDA:0,(anonymous_24)
FNDA:0,(anonymous_25)
DA:29,0
DA:32,0
DA:33,0
DA:34,0
DA:56,0
DA:72,0
DA:73,0
DA:74,0
DA:75,0
DA:76,0
DA:77,0
DA:78,0
DA:79,0
DA:80,0
DA:81,0
DA:85,0
DA:86,0
DA:87,0
DA:88,0
DA:90,0
DA:91,0
DA:92,0
DA:93,0
DA:96,0
DA:97,0
DA:99,0
DA:101,0
DA:102,0
DA:103,0
DA:104,0
DA:105,0
DA:108,0
DA:109,0
DA:111,0
DA:112,0
DA:114,0
DA:115,0
DA:116,0
DA:121,0
DA:122,0
DA:123,0
DA:124,0
DA:125,0
DA:128,0
DA:129,0
DA:130,0
DA:133,0
DA:134,0
DA:135,0
DA:138,0
DA:139,0
DA:144,0
DA:145,0
DA:149,0
DA:150,0
DA:151,0
DA:154,0
DA:155,0
DA:156,0
DA:157,0
DA:158,0
DA:159,0
DA:161,0
DA:162,0
DA:163,0
DA:166,0
DA:167,0
DA:168,0
DA:174,0
DA:175,0
DA:176,0
DA:177,0
DA:180,0
DA:181,0
DA:182,0
DA:183,0
DA:188,0
DA:189,0
DA:190,0
DA:191,0
DA:198,0
DA:199,0
DA:200,0
DA:208,0
DA:210,0
DA:212,0
DA:217,0
DA:248,0
DA:263,0
DA:360,0
DA:362,0
DA:375,0
DA:393,0
DA:399,0
DA:454,0
LF:95
LH:0
BRDA:38,0,0,0
BRDA:38,0,1,0
BRDA:38,1,0,0
BRDA:38,1,1,0
BRDA:46,2,0,0
BRDA:46,2,1,0
BRDA:46,3,0,0
BRDA:46,3,1,0
BRDA:91,4,0,0
BRDA:91,4,1,0
BRDA:92,5,0,0
BRDA:92,5,1,0
BRDA:104,6,0,0
BRDA:104,6,1,0
BRDA:114,7,0,0
BRDA:114,7,1,0
BRDA:130,8,0,0
BRDA:130,8,1,0
BRDA:135,9,0,0
BRDA:135,9,1,0
BRDA:144,10,0,0
BRDA:144,10,1,0
BRDA:150,11,0,0
BRDA:150,11,1,0
BRDA:156,12,0,0
BRDA:156,12,1,0
BRDA:157,13,0,0
BRDA:157,13,1,0
BRDA:162,14,0,0
BRDA:162,14,1,0
BRDA:174,15,0,0
BRDA:174,15,1,0
BRDA:175,16,0,0
BRDA:175,16,1,0
BRDA:176,17,0,0
BRDA:176,17,1,0
BRDA:180,18,0,0
BRDA:180,18,1,0
BRDA:189,19,0,0
BRDA:189,19,1,0
BRDA:190,20,0,0
BRDA:190,20,1,0
BRDA:236,21,0,0
BRDA:236,21,1,0
BRDA:252,22,0,0
BRDA:252,22,1,0
BRDA:267,23,0,0
BRDA:267,23,1,0
BRDA:290,24,0,0
BRDA:290,24,1,0
BRDA:299,25,0,0
BRDA:299,25,1,0
BRDA:317,26,0,0
BRDA:317,26,1,0
BRDA:357,27,0,0
BRDA:357,27,1,0
BRDA:419,28,0,0
BRDA:419,28,1,0
BRDA:441,29,0,0
BRDA:441,29,1,0
BRDA:446,30,0,0
BRDA:446,30,1,0
BRDA:446,31,0,0
BRDA:446,31,1,0
BRF:64
BRH:0
end_of_record
TN:
SF:screens\organizer\EventDetailScreen.tsx
FN:17,BigCircularProgress
FN:67,EventDetailScreen
FN:74,(anonymous_2)
FN:84,(anonymous_3)
FN:90,(anonymous_4)
FN:91,(anonymous_5)
FN:103,(anonymous_6)
FN:122,(anonymous_7)
FN:134,(anonymous_8)
FN:138,(anonymous_9)
FNF:10
FNH:0
FNDA:0,BigCircularProgress
FNDA:0,EventDetailScreen
FNDA:0,(anonymous_2)
FNDA:0,(anonymous_3)
FNDA:0,(anonymous_4)
FNDA:0,(anonymous_5)
FNDA:0,(anonymous_6)
FNDA:0,(anonymous_7)
FNDA:0,(anonymous_8)
FNDA:0,(anonymous_9)
DA:18,0
DA:19,0
DA:20,0
DA:21,0
DA:22,0
DA:24,0
DA:68,0
DA:69,0
DA:70,0
DA:71,0
DA:73,0
DA:75,0
DA:76,0
DA:77,0
DA:79,0
DA:80,0
DA:85,0
DA:87,0
DA:88,0
DA:90,0
DA:91,0
DA:95,0
DA:103,0
DA:122,0
DA:135,0
DA:139,0
DA:187,0
LF:27
LH:0
BRDA:68,0,0,0
BRDA:68,0,1,0
BRDA:75,1,0,0
BRDA:75,1,1,0
BRDA:85,2,0,0
BRDA:85,2,1,0
BRDA:87,3,0,0
BRDA:87,3,1,0
BRDA:87,3,2,0
BRDA:110,4,0,0
BRDA:110,4,1,0
BRDA:128,5,0,0
BRDA:128,5,1,0
BRDA:131,6,0,0
BRDA:131,6,1,0
BRDA:134,7,0,0
BRDA:134,7,1,0
BRDA:150,8,0,0
BRDA:150,8,1,0
BRDA:159,9,0,0
BRDA:159,9,1,0
BRDA:165,10,0,0
BRDA:165,10,1,0
BRF:23
BRH:0
end_of_record
TN:
SF:screens\organizer\EventsTasks.tsx
FN:41,(anonymous_0)
FN:109,formatTaskTime
FN:123,EventsTasksOrg
FN:146,(anonymous_3)
FN:155,(anonymous_4)
FN:163,(anonymous_5)
FN:167,(anonymous_6)
FN:168,(anonymous_7)
FN:172,(anonymous_8)
FN:177,(anonymous_9)
FN:181,(anonymous_10)
FN:182,(anonymous_11)
FN:186,(anonymous_12)
FN:192,(anonymous_13)
FN:205,(anonymous_14)
FN:208,(anonymous_15)
FN:222,(anonymous_16)
FN:233,(anonymous_17)
FN:260,(anonymous_18)
FN:267,(anonymous_19)
FN:289,(anonymous_20)
FN:295,(anonymous_21)
FN:311,(anonymous_22)
FN:318,(anonymous_23)
FN:348,(anonymous_24)
FN:360,(anonymous_25)
FN:364,(anonymous_26)
FN:388,(anonymous_27)
FN:398,(anonymous_28)
FN:433,(anonymous_29)
FNF:30
FNH:0
FNDA:0,(anonymous_0)
FNDA:0,formatTaskTime
FNDA:0,EventsTasksOrg
FNDA:0,(anonymous_3)
FNDA:0,(anonymous_4)
FNDA:0,(anonymous_5)
FNDA:0,(anonymous_6)
FNDA:0,(anonymous_7)
FNDA:0,(anonymous_8)
FNDA:0,(anonymous_9)
FNDA:0,(anonymous_10)
FNDA:0,(anonymous_11)
FNDA:0,(anonymous_12)
FNDA:0,(anonymous_13)
FNDA:0,(anonymous_14)
FNDA:0,(anonymous_15)
FNDA:0,(anonymous_16)
FNDA:0,(anonymous_17)
FNDA:0,(anonymous_18)
FNDA:0,(anonymous_19)
FNDA:0,(anonymous_20)
FNDA:0,(anonymous_21)
FNDA:0,(anonymous_22)
FNDA:0,(anonymous_23)
FNDA:0,(anonymous_24)
FNDA:0,(anonymous_25)
FNDA:0,(anonymous_26)
FNDA:0,(anonymous_27)
FNDA:0,(anonymous_28)
FNDA:0,(anonymous_29)
DA:39,0
DA:41,0
DA:49,0
DA:50,0
DA:51,0
DA:52,0
DA:66,0
DA:67,0
DA:68,0
DA:69,0
DA:78,0
DA:81,0
DA:82,0
DA:84,0
DA:93,0
DA:100,0
DA:107,0
DA:110,0
DA:111,0
DA:112,0
DA:113,0
DA:114,0
DA:115,0
DA:116,0
DA:130,0
DA:131,0
DA:132,0
DA:133,0
DA:134,0
DA:135,0
DA:136,0
DA:137,0
DA:138,0
DA:139,0
DA:141,0
DA:144,0
DA:146,0
DA:147,0
DA:148,0
DA:149,0
DA:155,0
DA:156,0
DA:163,0
DA:164,0
DA:165,0
DA:166,0
DA:167,0
DA:168,0
DA:171,0
DA:173,0
DA:174,0
DA:175,0
DA:178,0
DA:179,0
DA:181,0
DA:182,0
DA:186,0
DA:187,0
DA:188,0
DA:191,0
DA:192,0
DA:202,0
DA:205,0
DA:208,0
DA:210,0
DA:212,0
DA:213,0
DA:216,0
DA:219,0
DA:222,0
DA:229,0
DA:230,0
DA:233,0
DA:249,0
DA:260,0
DA:267,0
DA:289,0
DA:295,0
DA:312,0
DA:318,0
DA:348,0
DA:361,0
DA:365,0
DA:366,0
DA:389,0
DA:393,0
DA:399,0
DA:433,0
DA:442,0
LF:89
LH:0
BRDA:110,0,0,0
BRDA:110,0,1,0
BRDA:114,1,0,0
BRDA:114,1,1,0
BRDA:115,2,0,0
BRDA:115,2,1,0
BRDA:164,3,0,0
BRDA:164,3,1,0
BRDA:173,4,0,0
BRDA:173,4,1,0
BRDA:178,5,0,0
BRDA:178,5,1,0
BRDA:179,6,0,0
BRDA:179,6,1,0
BRDA:194,7,0,0
BRDA:194,7,1,0
BRDA:196,8,0,0
BRDA:196,8,1,0
BRDA:198,9,0,0
BRDA:198,9,1,0
BRDA:198,10,0,0
BRDA:198,10,1,0
BRDA:210,11,0,0
BRDA:210,11,1,0
BRDA:212,12,0,0
BRDA:212,12,1,0
BRDA:216,13,0,0
BRDA:216,13,1,0
BRDA:219,14,0,0
BRDA:219,14,1,0
BRDA:219,14,2,0
BRDA:232,15,0,0
BRDA:232,15,1,0
BRDA:235,16,0,0
BRDA:235,16,1,0
BRDA:238,17,0,0
BRDA:238,17,1,0
BRDA:241,18,0,0
BRDA:241,18,1,0
BRDA:244,19,0,0
BRDA:244,19,1,0
BRDA:244,19,2,0
BRDA:271,20,0,0
BRDA:271,20,1,0
BRDA:274,21,0,0
BRDA:274,21,1,0
BRDA:316,22,0,0
BRDA:316,22,1,0
BRDA:323,23,0,0
BRDA:323,23,1,0
BRDA:358,24,0,0
BRDA:358,24,1,0
BRDA:372,25,0,0
BRDA:372,25,1,0
BRDA:389,26,0,0
BRDA:389,26,1,0
BRF:56
BRH:0
end_of_record
TN:
SF:screens\organizer\MemberList.tsx
FN:39,(anonymous_0)
FN:44,(anonymous_1)
FN:50,MemberList
FN:82,(anonymous_3)
FN:98,(anonymous_4)
FN:102,(anonymous_5)
FN:110,(anonymous_6)
FN:121,(anonymous_7)
FN:124,(anonymous_8)
FN:128,(anonymous_9)
FN:131,(anonymous_10)
FN:137,(anonymous_11)
FN:173,(anonymous_12)
FN:183,(anonymous_13)
FN:196,(anonymous_14)
FN:204,(anonymous_15)
FN:206,(anonymous_16)
FN:215,(anonymous_17)
FN:220,(anonymous_18)
FN:224,(anonymous_19)
FN:227,(anonymous_20)
FN:239,(anonymous_21)
FN:242,(anonymous_22)
FN:245,(anonymous_23)
FN:245,(anonymous_24)
FN:246,(anonymous_25)
FN:251,(anonymous_26)
FN:252,(anonymous_27)
FN:254,(anonymous_28)
FN:256,(anonymous_29)
FN:264,(anonymous_30)
FN:265,(anonymous_31)
FN:267,(anonymous_32)
FN:272,(anonymous_33)
FN:273,(anonymous_34)
FN:280,(anonymous_35)
FN:298,(anonymous_36)
FN:308,(anonymous_37)
FN:335,(anonymous_38)
FN:342,(anonymous_39)
FN:384,(anonymous_40)
FN:399,(anonymous_41)
FN:436,(anonymous_42)
FN:446,(anonymous_43)
FN:484,(anonymous_44)
FN:497,(anonymous_45)
FN:528,(anonymous_46)
FN:534,(anonymous_47)
FN:535,(anonymous_48)
FN:586,(anonymous_49)
FN:632,(anonymous_50)
FN:636,(anonymous_51)
FN:651,(anonymous_52)
FN:671,(anonymous_53)
FN:677,(anonymous_54)
FNF:55
FNH:0
FNDA:0,(anonymous_0)
FNDA:0,(anonymous_1)
FNDA:0,MemberList
FNDA:0,(anonymous_3)
FNDA:0,(anonymous_4)
FNDA:0,(anonymous_5)
FNDA:0,(anonymous_6)
FNDA:0,(anonymous_7)
FNDA:0,(anonymous_8)
FNDA:0,(anonymous_9)
FNDA:0,(anonymous_10)
FNDA:0,(anonymous_11)
FNDA:0,(anonymous_12)
FNDA:0,(anonymous_13)
FNDA:0,(anonymous_14)
FNDA:0,(anonymous_15)
FNDA:0,(anonymous_16)
FNDA:0,(anonymous_17)
FNDA:0,(anonymous_18)
FNDA:0,(anonymous_19)
FNDA:0,(anonymous_20)
FNDA:0,(anonymous_21)
FNDA:0,(anonymous_22)
FNDA:0,(anonymous_23)
FNDA:0,(anonymous_24)
FNDA:0,(anonymous_25)
FNDA:0,(anonymous_26)
FNDA:0,(anonymous_27)
FNDA:0,(anonymous_28)
FNDA:0,(anonymous_29)
FNDA:0,(anonymous_30)
FNDA:0,(anonymous_31)
FNDA:0,(anonymous_32)
FNDA:0,(anonymous_33)
FNDA:0,(anonymous_34)
FNDA:0,(anonymous_35)
FNDA:0,(anonymous_36)
FNDA:0,(anonymous_37)
FNDA:0,(anonymous_38)
FNDA:0,(anonymous_39)
FNDA:0,(anonymous_40)
FNDA:0,(anonymous_41)
FNDA:0,(anonymous_42)
FNDA:0,(anonymous_43)
FNDA:0,(anonymous_44)
FNDA:0,(anonymous_45)
FNDA:0,(anonymous_46)
FNDA:0,(anonymous_47)
FNDA:0,(anonymous_48)
FNDA:0,(anonymous_49)
FNDA:0,(anonymous_50)
FNDA:0,(anonymous_51)
FNDA:0,(anonymous_52)
FNDA:0,(anonymous_53)
FNDA:0,(anonymous_54)
DA:32,0
DA:33,0
DA:34,0
DA:39,0
DA:40,0
DA:41,0
DA:44,0
DA:45,0
DA:46,0
DA:47,0
DA:51,0
DA:52,0
DA:53,0
DA:54,0
DA:55,0
DA:56,0
DA:57,0
DA:58,0
DA:59,0
DA:60,0
DA:61,0
DA:62,0
DA:67,0
DA:69,0
DA:70,0
DA:71,0
DA:72,0
DA:73,0
DA:74,0
DA:77,0
DA:79,0
DA:80,0
DA:82,0
DA:83,0
DA:84,0
DA:85,0
DA:86,0
DA:87,0
DA:88,0
DA:90,0
DA:91,0
DA:93,0
DA:98,0
DA:99,0
DA:100,0
DA:101,0
DA:102,0
DA:105,0
DA:109,0
DA:111,0
DA:112,0
DA:113,0
DA:116,0
DA:117,0
DA:118,0
DA:119,0
DA:122,0
DA:125,0
DA:126,0
DA:129,0
DA:131,0
DA:132,0
DA:137,0
DA:138,0
DA:139,0
DA:140,0
DA:142,0
DA:143,0
DA:144,0
DA:146,0
DA:151,0
DA:156,0
DA:157,0
DA:160,0
DA:161,0
DA:162,0
DA:164,0
DA:169,0
DA:173,0
DA:174,0
DA:175,0
DA:184,0
DA:185,0
DA:186,0
DA:188,0
DA:196,0
DA:197,0
DA:198,0
DA:199,0
DA:200,0
DA:201,0
DA:202,0
DA:203,0
DA:204,0
DA:205,0
DA:206,0
DA:208,0
DA:211,0
DA:215,0
DA:216,0
DA:217,0
DA:218,0
DA:219,0
DA:220,0
DA:222,0
DA:223,0
DA:224,0
DA:225,0
DA:227,0
DA:228,0
DA:231,0
DA:233,0
DA:235,0
DA:239,0
DA:240,0
DA:242,0
DA:244,0
DA:245,0
DA:246,0
DA:247,0
DA:248,0
DA:251,0
DA:252,0
DA:254,0
DA:255,0
DA:257,0
DA:258,0
DA:259,0
DA:264,0
DA:265,0
DA:266,0
DA:267,0
DA:272,0
DA:273,0
DA:274,0
DA:275,0
DA:277,0
DA:280,0
DA:281,0
DA:283,0
DA:284,0
DA:285,0
DA:286,0
DA:289,0
DA:298,0
DA:308,0
DA:336,0
DA:342,0
DA:385,0
DA:386,0
DA:390,0
DA:392,0
DA:393,0
DA:394,0
DA:399,0
DA:436,0
DA:447,0
DA:448,0
DA:449,0
DA:450,0
DA:484,0
DA:497,0
DA:529,0
DA:530,0
DA:535,0
DA:586,0
DA:633,0
DA:636,0
DA:652,0
DA:671,0
DA:677,0
DA:714,0
LF:172
LH:0
BRDA:40,0,0,0
BRDA:40,0,1,0
BRDA:45,1,0,0
BRDA:45,1,1,0
BRDA:46,2,0,0
BRDA:46,2,1,0
BRDA:52,3,0,0
BRDA:52,3,1,0
BRDA:87,4,0,0
BRDA:87,4,1,0
BRDA:88,5,0,0
BRDA:88,5,1,0
BRDA:100,6,0,0
BRDA:100,6,1,0
BRDA:100,7,0,0
BRDA:100,7,1,0
BRDA:102,8,0,0
BRDA:102,8,1,0
BRDA:102,8,2,0
BRDA:102,8,3,0
BRDA:111,9,0,0
BRDA:111,9,1,0
BRDA:122,10,0,0
BRDA:122,10,1,0
BRDA:122,11,0,0
BRDA:122,11,1,0
BRDA:122,12,0,0
BRDA:122,12,1,0
BRDA:126,13,0,0
BRDA:126,13,1,0
BRDA:129,14,0,0
BRDA:129,14,1,0
BRDA:138,15,0,0
BRDA:138,15,1,0
BRDA:138,16,0,0
BRDA:138,16,1,0
BRDA:146,17,0,0
BRDA:146,17,1,0
BRDA:148,18,0,0
BRDA:148,18,1,0
BRDA:156,19,0,0
BRDA:156,19,1,0
BRDA:157,20,0,0
BRDA:157,20,1,0
BRDA:166,21,0,0
BRDA:166,21,1,0
BRDA:174,22,0,0
BRDA:174,22,1,0
BRDA:197,23,0,0
BRDA:197,23,1,0
BRDA:201,24,0,0
BRDA:201,24,1,0
BRDA:201,24,2,0
BRDA:202,25,0,0
BRDA:202,25,1,0
BRDA:204,26,0,0
BRDA:204,26,1,0
BRDA:205,27,0,0
BRDA:205,27,1,0
BRDA:206,28,0,0
BRDA:206,28,1,0
BRDA:219,29,0,0
BRDA:219,29,1,0
BRDA:220,30,0,0
BRDA:220,30,1,0
BRDA:223,31,0,0
BRDA:223,31,1,0
BRDA:224,32,0,0
BRDA:224,32,1,0
BRDA:224,33,0,0
BRDA:224,33,1,0
BRDA:225,34,0,0
BRDA:225,34,1,0
BRDA:247,35,0,0
BRDA:247,35,1,0
BRDA:257,36,0,0
BRDA:257,36,1,0
BRDA:266,37,0,0
BRDA:266,37,1,0
BRDA:274,38,0,0
BRDA:274,38,1,0
BRDA:283,39,0,0
BRDA:283,39,1,0
BRDA:284,40,0,0
BRDA:284,40,1,0
BRDA:284,40,2,0
BRDA:286,41,0,0
BRDA:286,41,1,0
BRDA:311,42,0,0
BRDA:311,42,1,0
BRDA:314,43,0,0
BRDA:314,43,1,0
BRDA:340,44,0,0
BRDA:340,44,1,0
BRDA:348,45,0,0
BRDA:348,45,1,0
BRDA:362,46,0,0
BRDA:362,46,1,0
BRDA:364,47,0,0
BRDA:364,47,1,0
BRDA:386,48,0,0
BRDA:386,48,1,0
BRDA:390,49,0,0
BRDA:390,49,1,0
BRDA:392,50,0,0
BRDA:392,50,1,0
BRDA:392,50,2,0
BRDA:395,51,0,0
BRDA:395,51,1,0
BRDA:397,52,0,0
BRDA:397,52,1,0
BRDA:397,52,2,0
BRDA:405,53,0,0
BRDA:405,53,1,0
BRDA:409,54,0,0
BRDA:409,54,1,0
BRDA:434,55,0,0
BRDA:434,55,1,0
BRDA:443,56,0,0
BRDA:443,56,1,0
BRDA:443,56,2,0
BRDA:464,57,0,0
BRDA:464,57,1,0
BRDA:468,58,0,0
BRDA:468,58,1,0
BRDA:475,59,0,0
BRDA:475,59,1,0
BRDA:507,60,0,0
BRDA:507,60,1,0
BRDA:512,61,0,0
BRDA:512,61,1,0
BRDA:544,62,0,0
BRDA:544,62,1,0
BRDA:547,63,0,0
BRDA:547,63,1,0
BRDA:551,64,0,0
BRDA:551,64,1,0
BRDA:563,65,0,0
BRDA:563,65,1,0
BRDA:568,66,0,0
BRDA:568,66,1,0
BRDA:578,67,0,0
BRDA:578,67,1,0
BRDA:579,68,0,0
BRDA:579,68,1,0
BRDA:630,69,0,0
BRDA:630,69,1,0
BRDA:646,70,0,0
BRDA:646,70,1,0
BRDA:699,71,0,0
BRDA:699,71,1,0
BRDA:704,72,0,0
BRDA:704,72,1,0
BRF:153
BRH:0
end_of_record
TN:
SF:screens\organizer\TaskDetail.tsx
FN:59,findGroupKey
FN:65,(anonymous_1)
FN:70,(anonymous_2)
FN:79,(anonymous_3)
FN:86,getGroupDisplayName
FN:94,parseDate
FN:102,formatDate
FN:109,formatTime
FN:117,TaskDetailScreen
FN:130,(anonymous_9)
FN:170,(anonymous_10)
FN:175,(anonymous_11)
FN:186,(anonymous_12)
FN:203,(anonymous_13)
FN:206,(anonymous_14)
FN:210,(anonymous_15)
FN:217,(anonymous_16)
FN:226,(anonymous_17)
FN:227,(anonymous_18)
FN:229,(anonymous_19)
FN:234,(anonymous_20)
FN:250,(anonymous_21)
FN:258,(anonymous_22)
FN:280,(anonymous_23)
FN:287,(anonymous_24)
FN:300,(anonymous_25)
FN:303,(anonymous_26)
FN:319,(anonymous_27)
FN:340,(anonymous_28)
FN:360,(anonymous_29)
FN:366,(anonymous_30)
FN:385,(anonymous_31)
FN:413,(anonymous_32)
FN:414,(anonymous_33)
FN:422,(anonymous_34)
FN:437,(anonymous_35)
FN:485,(anonymous_36)
FN:491,(anonymous_37)
FN:509,(anonymous_38)
FN:523,(anonymous_39)
FN:546,(anonymous_40)
FN:552,(anonymous_41)
FN:570,(anonymous_42)
FN:584,(anonymous_43)
FN:608,(anonymous_44)
FN:631,(anonymous_45)
FN:662,(anonymous_46)
FN:682,(anonymous_47)
FN:691,(anonymous_48)
FN:709,(anonymous_49)
FNF:50
FNH:0
FNDA:0,findGroupKey
FNDA:0,(anonymous_1)
FNDA:0,(anonymous_2)
FNDA:0,(anonymous_3)
FNDA:0,getGroupDisplayName
FNDA:0,parseDate
FNDA:0,formatDate
FNDA:0,formatTime
FNDA:0,TaskDetailScreen
FNDA:0,(anonymous_9)
FNDA:0,(anonymous_10)
FNDA:0,(anonymous_11)
FNDA:0,(anonymous_12)
FNDA:0,(anonymous_13)
FNDA:0,(anonymous_14)
FNDA:0,(anonymous_15)
FNDA:0,(anonymous_16)
FNDA:0,(anonymous_17)
FNDA:0,(anonymous_18)
FNDA:0,(anonymous_19)
FNDA:0,(anonymous_20)
FNDA:0,(anonymous_21)
FNDA:0,(anonymous_22)
FNDA:0,(anonymous_23)
FNDA:0,(anonymous_24)
FNDA:0,(anonymous_25)
FNDA:0,(anonymous_26)
FNDA:0,(anonymous_27)
FNDA:0,(anonymous_28)
FNDA:0,(anonymous_29)
FNDA:0,(anonymous_30)
FNDA:0,(anonymous_31)
FNDA:0,(anonymous_32)
FNDA:0,(anonymous_33)
FNDA:0,(anonymous_34)
FNDA:0,(anonymous_35)
FNDA:0,(anonymous_36)
FNDA:0,(anonymous_37)
FNDA:0,(anonymous_38)
FNDA:0,(anonymous_39)
FNDA:0,(anonymous_40)
FNDA:0,(anonymous_41)
FNDA:0,(anonymous_42)
FNDA:0,(anonymous_43)
FNDA:0,(anonymous_44)
FNDA:0,(anonymous_45)
FNDA:0,(anonymous_46)
FNDA:0,(anonymous_47)
FNDA:0,(anonymous_48)
FNDA:0,(anonymous_49)
DA:39,0
DA:41,0
DA:50,0
DA:63,0
DA:64,0
DA:65,0
DA:66,0
DA:68,0
DA:69,0
DA:70,0
DA:76,0
DA:77,0
DA:79,0
DA:83,0
DA:87,0
DA:88,0
DA:89,0
DA:91,0
DA:95,0
DA:96,0
DA:97,0
DA:99,0
DA:103,0
DA:104,0
DA:105,0
DA:106,0
DA:110,0
DA:111,0
DA:112,0
DA:113,0
DA:114,0
DA:118,0
DA:119,0
DA:120,0
DA:122,0
DA:123,0
DA:124,0
DA:129,0
DA:130,0
DA:132,0
DA:133,0
DA:134,0
DA:135,0
DA:136,0
DA:137,0
DA:138,0
DA:145,0
DA:152,0
DA:153,0
DA:154,0
DA:155,0
DA:156,0
DA:157,0
DA:158,0
DA:159,0
DA:160,0
DA:163,0
DA:167,0
DA:169,0
DA:171,0
DA:172,0
DA:173,0
DA:176,0
DA:177,0
DA:179,0
DA:180,0
DA:182,0
DA:183,0
DA:184,0
DA:185,0
DA:186,0
DA:191,0
DA:193,0
DA:197,0
DA:198,0
DA:199,0
DA:200,0
DA:201,0
DA:202,0
DA:203,0
DA:206,0
DA:210,0
DA:211,0
DA:212,0
DA:213,0
DA:214,0
DA:215,0
DA:216,0
DA:217,0
DA:219,0
DA:222,0
DA:226,0
DA:227,0
DA:228,0
DA:229,0
DA:234,0
DA:235,0
DA:236,0
DA:237,0
DA:238,0
DA:242,0
DA:243,0
DA:244,0
DA:245,0
DA:246,0
DA:247,0
DA:250,0
DA:251,0
DA:252,0
DA:253,0
DA:254,0
DA:256,0
DA:257,0
DA:258,0
DA:259,0
DA:260,0
DA:267,0
DA:268,0
DA:269,0
DA:271,0
DA:274,0
DA:276,0
DA:280,0
DA:281,0
DA:282,0
DA:288,0
DA:289,0
DA:290,0
DA:292,0
DA:300,0
DA:303,0
DA:307,0
DA:319,0
DA:340,0
DA:361,0
DA:362,0
DA:367,0
DA:368,0
DA:369,0
DA:385,0
DA:413,0
DA:415,0
DA:422,0
DA:438,0
DA:439,0
DA:485,0
DA:491,0
DA:510,0
DA:511,0
DA:512,0
DA:524,0
DA:525,0
DA:526,0
DA:527,0
DA:533,0
DA:546,0
DA:552,0
DA:571,0
DA:572,0
DA:573,0
DA:585,0
DA:586,0
DA:587,0
DA:588,0
DA:594,0
DA:608,0
DA:632,0
DA:633,0
DA:662,0
DA:683,0
DA:685,0
DA:686,0
DA:687,0
DA:691,0
DA:709,0
DA:722,0
LF:176
LH:0
BRDA:63,0,0,0
BRDA:63,0,1,0
BRDA:64,1,0,0
BRDA:64,1,1,0
BRDA:65,2,0,0
BRDA:65,2,1,0
BRDA:65,3,0,0
BRDA:65,3,1,0
BRDA:68,4,0,0
BRDA:68,4,1,0
BRDA:70,5,0,0
BRDA:70,5,1,0
BRDA:70,5,2,0
BRDA:76,6,0,0
BRDA:76,6,1,0
BRDA:78,7,0,0
BRDA:78,7,1,0
BRDA:79,8,0,0
BRDA:79,8,1,0
BRDA:87,9,0,0
BRDA:87,9,1,0
BRDA:88,10,0,0
BRDA:88,10,1,0
BRDA:89,11,0,0
BRDA:89,11,1,0
BRDA:89,11,2,0
BRDA:96,12,0,0
BRDA:96,12,1,0
BRDA:96,13,0,0
BRDA:96,13,1,0
BRDA:96,13,2,0
BRDA:112,14,0,0
BRDA:112,14,1,0
BRDA:113,15,0,0
BRDA:113,15,1,0
BRDA:125,16,0,0
BRDA:125,16,1,0
BRDA:127,17,0,0
BRDA:127,17,1,0
BRDA:130,18,0,0
BRDA:130,18,1,0
BRDA:130,19,0,0
BRDA:130,19,1,0
BRDA:136,20,0,0
BRDA:136,20,1,0
BRDA:137,21,0,0
BRDA:137,21,1,0
BRDA:139,22,0,0
BRDA:139,22,1,0
BRDA:141,23,0,0
BRDA:141,23,1,0
BRDA:146,24,0,0
BRDA:146,24,1,0
BRDA:148,25,0,0
BRDA:148,25,1,0
BRDA:171,26,0,0
BRDA:171,26,1,0
BRDA:176,27,0,0
BRDA:176,27,1,0
BRDA:179,28,0,0
BRDA:179,28,1,0
BRDA:179,29,0,0
BRDA:179,29,1,0
BRDA:182,30,0,0
BRDA:182,30,1,0
BRDA:186,31,0,0
BRDA:186,31,1,0
BRDA:189,32,0,0
BRDA:189,32,1,0
BRDA:189,33,0,0
BRDA:189,33,1,0
BRDA:197,34,0,0
BRDA:197,34,1,0
BRDA:198,35,0,0
BRDA:198,35,1,0
BRDA:200,36,0,0
BRDA:200,36,1,0
BRDA:201,37,0,0
BRDA:201,37,1,0
BRDA:202,38,0,0
BRDA:202,38,1,0
BRDA:203,39,0,0
BRDA:203,39,1,0
BRDA:211,40,0,0
BRDA:211,40,1,0
BRDA:215,41,0,0
BRDA:215,41,1,0
BRDA:216,42,0,0
BRDA:216,42,1,0
BRDA:228,43,0,0
BRDA:228,43,1,0
BRDA:236,44,0,0
BRDA:236,44,1,0
BRDA:240,45,0,0
BRDA:240,45,1,0
BRDA:251,46,0,0
BRDA:251,46,1,0
BRDA:252,47,0,0
BRDA:252,47,1,0
BRDA:262,48,0,0
BRDA:262,48,1,0
BRDA:262,49,0,0
BRDA:262,49,1,0
BRDA:263,50,0,0
BRDA:263,50,1,0
BRDA:267,51,0,0
BRDA:267,51,1,0
BRDA:267,52,0,0
BRDA:267,52,1,0
BRDA:271,53,0,0
BRDA:271,53,1,0
BRDA:281,54,0,0
BRDA:281,54,1,0
BRDA:300,55,0,0
BRDA:300,55,1,0
BRDA:300,56,0,0
BRDA:300,56,1,0
BRDA:303,57,0,0
BRDA:303,57,1,0
BRDA:303,57,2,0
BRDA:309,58,0,0
BRDA:309,58,1,0
BRDA:358,59,0,0
BRDA:358,59,1,0
BRDA:361,60,0,0
BRDA:361,60,1,0
BRDA:361,61,0,0
BRDA:361,61,1,0
BRDA:382,62,0,0
BRDA:382,62,1,0
BRDA:419,63,0,0
BRDA:419,63,1,0
BRDA:427,64,0,0
BRDA:427,64,1,0
BRDA:503,65,0,0
BRDA:503,65,1,0
BRDA:511,66,0,0
BRDA:511,66,1,0
BRDA:518,67,0,0
BRDA:518,67,1,0
BRDA:525,68,0,0
BRDA:525,68,1,0
BRDA:564,69,0,0
BRDA:564,69,1,0
BRDA:572,70,0,0
BRDA:572,70,1,0
BRDA:579,71,0,0
BRDA:579,71,1,0
BRDA:586,72,0,0
BRDA:586,72,1,0
BRDA:620,73,0,0
BRDA:620,73,1,0
BRDA:644,74,0,0
BRDA:644,74,1,0
BRDA:649,75,0,0
BRDA:649,75,1,0
BRDA:666,76,0,0
BRDA:666,76,1,0
BRDA:671,77,0,0
BRDA:671,77,1,0
BRDA:673,78,0,0
BRDA:673,78,1,0
BRDA:685,79,0,0
BRDA:685,79,1,0
BRDA:685,79,2,0
BRDA:696,80,0,0
BRDA:696,80,1,0
BRDA:699,81,0,0
BRDA:699,81,1,0
BRF:169
BRH:0
end_of_record
TN:
SF:screens\staff\MapList.tsx
FN:27,MapList_Staff
FN:33,(anonymous_1)
FN:35,(anonymous_2)
FN:46,(anonymous_3)
FN:48,(anonymous_4)
FN:64,(anonymous_5)
FN:85,(anonymous_6)
FN:111,(anonymous_7)
FN:116,(anonymous_8)
FNF:9
FNH:0
FNDA:0,MapList_Staff
FNDA:0,(anonymous_1)
FNDA:0,(anonymous_2)
FNDA:0,(anonymous_3)
FNDA:0,(anonymous_4)
FNDA:0,(anonymous_5)
FNDA:0,(anonymous_6)
FNDA:0,(anonymous_7)
FNDA:0,(anonymous_8)
DA:18,0
DA:28,0
DA:29,0
DA:30,0
DA:32,0
DA:34,0
DA:35,0
DA:36,0
DA:37,0
DA:38,0
DA:39,0
DA:40,0
DA:41,0
DA:46,0
DA:47,0
DA:48,0
DA:50,0
DA:56,0
DA:58,0
DA:60,0
DA:63,0
DA:64,0
DA:65,0
DA:70,0
DA:85,0
DA:112,0
DA:117,0
DA:137,0
LF:28
LH:0
BRDA:39,0,0,0
BRDA:39,0,1,0
BRDA:41,1,0,0
BRDA:41,1,1,0
BRDA:42,2,0,0
BRDA:42,2,1,0
BRDA:48,3,0,0
BRDA:48,3,1,0
BRDA:51,4,0,0
BRDA:51,4,1,0
BRDA:51,4,2,0
BRDA:56,5,0,0
BRDA:56,5,1,0
BRDA:60,6,0,0
BRDA:60,6,1,0
BRDA:89,7,0,0
BRDA:89,7,1,0
BRDA:92,8,0,0
BRDA:92,8,1,0
BRDA:103,9,0,0
BRDA:103,9,1,0
BRDA:110,10,0,0
BRDA:110,10,1,0
BRF:23
BRH:0
end_of_record
TN:
SF:screens\staff\MapView.tsx
FN:35,(anonymous_0)
FN:38,pinchDistance
FN:51,MapView_Staff
FN:65,(anonymous_3)
FN:67,(anonymous_4)
FN:70,(anonymous_5)
FN:77,(anonymous_6)
FN:82,(anonymous_7)
FN:83,(anonymous_8)
FN:85,(anonymous_9)
FN:86,(anonymous_10)
FN:87,(anonymous_11)
FN:92,(anonymous_12)
FN:95,(anonymous_13)
FN:96,(anonymous_14)
FN:101,(anonymous_15)
FN:102,(anonymous_16)
FN:102,(anonymous_17)
FN:104,(anonymous_18)
FN:128,(anonymous_19)
FN:140,(anonymous_20)
FN:148,(anonymous_21)
FN:162,(anonymous_22)
FN:163,(anonymous_23)
FN:165,(anonymous_24)
FN:175,(anonymous_25)
FN:198,(anonymous_26)
FN:201,(anonymous_27)
FN:215,(anonymous_28)
FN:224,(anonymous_29)
FN:273,(anonymous_30)
FN:316,(anonymous_31)
FN:324,(anonymous_32)
FN:342,(anonymous_33)
FNF:34
FNH:0
FNDA:0,(anonymous_0)
FNDA:0,pinchDistance
FNDA:0,MapView_Staff
FNDA:0,(anonymous_3)
FNDA:0,(anonymous_4)
FNDA:0,(anonymous_5)
FNDA:0,(anonymous_6)
FNDA:0,(anonymous_7)
FNDA:0,(anonymous_8)
FNDA:0,(anonymous_9)
FNDA:0,(anonymous_10)
FNDA:0,(anonymous_11)
FNDA:0,(anonymous_12)
FNDA:0,(anonymous_13)
FNDA:0,(anonymous_14)
FNDA:0,(anonymous_15)
FNDA:0,(anonymous_16)
FNDA:0,(anonymous_17)
FNDA:0,(anonymous_18)
FNDA:0,(anonymous_19)
FNDA:0,(anonymous_20)
FNDA:0,(anonymous_21)
FNDA:0,(anonymous_22)
FNDA:0,(anonymous_23)
FNDA:0,(anonymous_24)
FNDA:0,(anonymous_25)
FNDA:0,(anonymous_26)
FNDA:0,(anonymous_27)
FNDA:0,(anonymous_28)
FNDA:0,(anonymous_29)
FNDA:0,(anonymous_30)
FNDA:0,(anonymous_31)
FNDA:0,(anonymous_32)
FNDA:0,(anonymous_33)
DA:25,0
DA:26,0
DA:27,0
DA:28,0
DA:29,0
DA:30,0
DA:32,0
DA:33,0
DA:35,0
DA:36,0
DA:39,0
DA:40,0
DA:41,0
DA:44,0
DA:52,0
DA:53,0
DA:54,0
DA:55,0
DA:60,0
DA:61,0
DA:62,0
DA:64,0
DA:65,0
DA:67,0
DA:69,0
DA:71,0
DA:72,0
DA:73,0
DA:78,0
DA:79,0
DA:80,0
DA:82,0
DA:83,0
DA:84,0
DA:85,0
DA:86,0
DA:87,0
DA:88,0
DA:92,0
DA:93,0
DA:94,0
DA:95,0
DA:96,0
DA:97,0
DA:101,0
DA:102,0
DA:104,0
DA:105,0
DA:106,0
DA:107,0
DA:108,0
DA:113,0
DA:114,0
DA:116,0
DA:117,0
DA:118,0
DA:119,0
DA:121,0
DA:122,0
DA:125,0
DA:126,0
DA:128,0
DA:129,0
DA:130,0
DA:131,0
DA:132,0
DA:133,0
DA:134,0
DA:135,0
DA:136,0
DA:137,0
DA:140,0
DA:141,0
DA:142,0
DA:143,0
DA:145,0
DA:148,0
DA:149,0
DA:150,0
DA:152,0
DA:153,0
DA:160,0
DA:162,0
DA:163,0
DA:167,0
DA:168,0
DA:169,0
DA:170,0
DA:171,0
DA:176,0
DA:177,0
DA:179,0
DA:180,0
DA:181,0
DA:182,0
DA:183,0
DA:184,0
DA:186,0
DA:187,0
DA:188,0
DA:190,0
DA:199,0
DA:202,0
DA:207,0
DA:215,0
DA:224,0
DA:275,0
DA:276,0
DA:277,0
DA:278,0
DA:316,0
DA:324,0
DA:342,0
DA:351,0
LF:114
LH:0
BRDA:55,0,0,0
BRDA:55,0,1,0
BRDA:64,1,0,0
BRDA:64,1,1,0
BRDA:71,2,0,0
BRDA:71,2,1,0
BRDA:78,3,0,0
BRDA:78,3,1,0
BRDA:78,4,0,0
BRDA:78,4,1,0
BRDA:79,5,0,0
BRDA:79,5,1,0
BRDA:80,6,0,0
BRDA:80,6,1,0
BRDA:88,7,0,0
BRDA:88,7,1,0
BRDA:94,8,0,0
BRDA:94,8,1,0
BRDA:97,9,0,0
BRDA:97,9,1,0
BRDA:169,10,0,0
BRDA:169,10,1,0
BRDA:177,11,0,0
BRDA:177,11,1,0
BRDA:179,12,0,0
BRDA:179,12,1,0
BRDA:188,13,0,0
BRDA:188,13,1,0
BRDA:228,14,0,0
BRDA:228,14,1,0
BRDA:231,15,0,0
BRDA:231,15,1,0
BRDA:259,16,0,0
BRDA:259,16,1,0
BRDA:266,17,0,0
BRDA:266,17,1,0
BRDA:275,18,0,0
BRDA:275,18,1,0
BRDA:291,19,0,0
BRDA:291,19,1,0
BRDA:297,20,0,0
BRDA:297,20,1,0
BRDA:297,20,2,0
BRF:43
BRH:0
end_of_record
TN:
SF:screens\staff\TaskDetail.tsx
FN:31,(anonymous_0)
FN:56,TaskDetail_Staff
FN:69,(anonymous_2)
FN:74,(anonymous_3)
FN:77,(anonymous_4)
FN:78,(anonymous_5)
FN:83,(anonymous_6)
FN:88,(anonymous_7)
FN:91,(anonymous_8)
FN:94,(anonymous_9)
FN:96,(anonymous_10)
FN:100,(anonymous_11)
FN:117,(anonymous_12)
FN:132,(anonymous_13)
FN:148,(anonymous_14)
FN:167,(anonymous_15)
FN:179,(anonymous_16)
FN:213,(anonymous_17)
FN:219,(anonymous_18)
FN:272,(anonymous_19)
FNF:20
FNH:0
FNDA:0,(anonymous_0)
FNDA:0,TaskDetail_Staff
FNDA:0,(anonymous_2)
FNDA:0,(anonymous_3)
FNDA:0,(anonymous_4)
FNDA:0,(anonymous_5)
FNDA:0,(anonymous_6)
FNDA:0,(anonymous_7)
FNDA:0,(anonymous_8)
FNDA:0,(anonymous_9)
FNDA:0,(anonymous_10)
FNDA:0,(anonymous_11)
FNDA:0,(anonymous_12)
FNDA:0,(anonymous_13)
FNDA:0,(anonymous_14)
FNDA:0,(anonymous_15)
FNDA:0,(anonymous_16)
FNDA:0,(anonymous_17)
FNDA:0,(anonymous_18)
FNDA:0,(anonymous_19)
DA:31,0
DA:32,0
DA:33,0
DA:34,0
DA:35,0
DA:49,0
DA:50,0
DA:51,0
DA:52,0
DA:53,0
DA:57,0
DA:58,0
DA:59,0
DA:61,0
DA:62,0
DA:63,0
DA:64,0
DA:65,0
DA:66,0
DA:68,0
DA:70,0
DA:71,0
DA:72,0
DA:75,0
DA:77,0
DA:78,0
DA:82,0
DA:84,0
DA:85,0
DA:87,0
DA:88,0
DA:89,0
DA:90,0
DA:91,0
DA:94,0
DA:95,0
DA:96,0
DA:100,0
DA:101,0
DA:102,0
DA:103,0
DA:108,0
DA:109,0
DA:110,0
DA:111,0
DA:112,0
DA:113,0
DA:114,0
DA:115,0
DA:117,0
DA:118,0
DA:119,0
DA:120,0
DA:121,0
DA:124,0
DA:126,0
DA:128,0
DA:132,0
DA:133,0
DA:134,0
DA:135,0
DA:136,0
DA:140,0
DA:142,0
DA:144,0
DA:148,0
DA:149,0
DA:150,0
DA:151,0
DA:155,0
DA:157,0
DA:162,0
DA:163,0
DA:167,0
DA:168,0
DA:169,0
DA:170,0
DA:171,0
DA:173,0
DA:174,0
DA:175,0
DA:179,0
DA:180,0
DA:181,0
DA:182,0
DA:183,0
DA:184,0
DA:185,0
DA:190,0
DA:191,0
DA:192,0
DA:193,0
DA:195,0
DA:199,0
DA:201,0
DA:205,0
DA:213,0
DA:219,0
DA:273,0
DA:380,0
LF:100
LH:0
BRDA:32,0,0,0
BRDA:32,0,1,0
BRDA:51,1,0,0
BRDA:51,1,1,0
BRDA:52,2,0,0
BRDA:52,2,1,0
BRDA:59,3,0,0
BRDA:59,3,1,0
BRDA:70,4,0,0
BRDA:70,4,1,0
BRDA:75,5,0,0
BRDA:75,5,1,0
BRDA:84,6,0,0
BRDA:84,6,1,0
BRDA:85,7,0,0
BRDA:85,7,1,0
BRDA:85,8,0,0
BRDA:85,8,1,0
BRDA:90,9,0,0
BRDA:90,9,1,0
BRDA:95,10,0,0
BRDA:95,10,1,0
BRDA:108,11,0,0
BRDA:108,11,1,0
BRDA:109,12,0,0
BRDA:109,12,1,0
BRDA:110,13,0,0
BRDA:110,13,1,0
BRDA:113,14,0,0
BRDA:113,14,1,0
BRDA:114,15,0,0
BRDA:114,15,1,0
BRDA:118,16,0,0
BRDA:118,16,1,0
BRDA:124,17,0,0
BRDA:124,17,1,0
BRDA:126,18,0,0
BRDA:126,18,1,0
BRDA:133,19,0,0
BRDA:133,19,1,0
BRDA:133,20,0,0
BRDA:133,20,1,0
BRDA:140,21,0,0
BRDA:140,21,1,0
BRDA:142,22,0,0
BRDA:142,22,1,0
BRDA:150,23,0,0
BRDA:150,23,1,0
BRDA:162,24,0,0
BRDA:162,24,1,0
BRDA:162,25,0,0
BRDA:162,25,1,0
BRDA:169,26,0,0
BRDA:169,26,1,0
BRDA:174,27,0,0
BRDA:174,27,1,0
BRDA:174,28,0,0
BRDA:174,28,1,0
BRDA:191,29,0,0
BRDA:191,29,1,0
BRDA:192,30,0,0
BRDA:192,30,1,0
BRDA:197,31,0,0
BRDA:197,31,1,0
BRDA:274,32,0,0
BRDA:274,32,1,0
BRDA:274,32,2,0
BRDA:284,33,0,0
BRDA:284,33,1,0
BRDA:291,34,0,0
BRDA:291,34,1,0
BRDA:312,35,0,0
BRDA:312,35,1,0
BRDA:318,36,0,0
BRDA:318,36,1,0
BRDA:318,36,2,0
BRDA:324,37,0,0
BRDA:324,37,1,0
BRDA:331,38,0,0
BRDA:331,38,1,0
BRDA:331,38,2,0
BRDA:331,38,3,0
BRDA:343,39,0,0
BRDA:343,39,1,0
BRDA:345,40,0,0
BRDA:345,40,1,0
BRDA:351,41,0,0
BRDA:351,41,1,0
BRDA:354,42,0,0
BRDA:354,42,1,0
BRDA:362,43,0,0
BRDA:362,43,1,0
BRDA:362,43,2,0
BRDA:362,43,3,0
BRDA:368,44,0,0
BRDA:368,44,1,0
BRDA:368,44,2,0
BRDA:371,45,0,0
BRDA:371,45,1,0
BRF:99
BRH:0
end_of_record
TN:
SF:screens\staff\TodayTask.tsx
FN:25,(anonymous_0)
FN:87,(anonymous_1)
FN:97,(anonymous_2)
FN:110,TodayTask
FN:122,(anonymous_4)
FN:136,(anonymous_5)
FN:145,(anonymous_6)
FN:154,(anonymous_7)
FN:157,(anonymous_8)
FN:158,(anonymous_9)
FN:162,(anonymous_10)
FN:171,(anonymous_11)
FN:177,(anonymous_12)
FN:182,(anonymous_13)
FN:193,(anonymous_14)
FN:220,(anonymous_15)
FN:227,(anonymous_16)
FN:249,(anonymous_17)
FN:255,(anonymous_18)
FN:274,(anonymous_19)
FN:281,(anonymous_20)
FN:311,(anonymous_21)
FN:319,(anonymous_22)
FNF:23
FNH:0
FNDA:0,(anonymous_0)
FNDA:0,(anonymous_1)
FNDA:0,(anonymous_2)
FNDA:0,TodayTask
FNDA:0,(anonymous_4)
FNDA:0,(anonymous_5)
FNDA:0,(anonymous_6)
FNDA:0,(anonymous_7)
FNDA:0,(anonymous_8)
FNDA:0,(anonymous_9)
FNDA:0,(anonymous_10)
FNDA:0,(anonymous_11)
FNDA:0,(anonymous_12)
FNDA:0,(anonymous_13)
FNDA:0,(anonymous_14)
FNDA:0,(anonymous_15)
FNDA:0,(anonymous_16)
FNDA:0,(anonymous_17)
FNDA:0,(anonymous_18)
FNDA:0,(anonymous_19)
FNDA:0,(anonymous_20)
FNDA:0,(anonymous_21)
FNDA:0,(anonymous_22)
DA:25,0
DA:26,0
DA:27,0
DA:28,0
DA:29,0
DA:44,0
DA:45,0
DA:46,0
DA:47,0
DA:56,0
DA:59,0
DA:60,0
DA:61,0
DA:63,0
DA:65,0
DA:72,0
DA:79,0
DA:87,0
DA:88,0
DA:89,0
DA:90,0
DA:91,0
DA:92,0
DA:93,0
DA:94,0
DA:97,0
DA:101,0
DA:102,0
DA:103,0
DA:111,0
DA:112,0
DA:113,0
DA:114,0
DA:115,0
DA:116,0
DA:117,0
DA:120,0
DA:122,0
DA:123,0
DA:124,0
DA:125,0
DA:126,0
DA:127,0
DA:130,0
DA:132,0
DA:136,0
DA:137,0
DA:138,0
DA:139,0
DA:145,0
DA:146,0
DA:153,0
DA:155,0
DA:156,0
DA:157,0
DA:158,0
DA:162,0
DA:163,0
DA:166,0
DA:167,0
DA:168,0
DA:171,0
DA:172,0
DA:173,0
DA:174,0
DA:177,0
DA:178,0
DA:179,0
DA:182,0
DA:189,0
DA:190,0
DA:193,0
DA:209,0
DA:220,0
DA:227,0
DA:249,0
DA:255,0
DA:275,0
DA:281,0
DA:313,0
DA:314,0
DA:315,0
DA:320,0
DA:373,0
LF:84
LH:0
BRDA:88,0,0,0
BRDA:88,0,1,0
BRDA:92,1,0,0
BRDA:92,1,1,0
BRDA:93,2,0,0
BRDA:93,2,1,0
BRDA:104,3,0,0
BRDA:104,3,1,0
BRDA:104,3,2,0
BRDA:126,4,0,0
BRDA:126,4,1,0
BRDA:127,5,0,0
BRDA:127,5,1,0
BRDA:163,6,0,0
BRDA:163,6,1,0
BRDA:167,7,0,0
BRDA:167,7,1,0
BRDA:168,8,0,0
BRDA:168,8,1,0
BRDA:172,9,0,0
BRDA:172,9,1,0
BRDA:172,10,0,0
BRDA:172,10,1,0
BRDA:173,11,0,0
BRDA:173,11,1,0
BRDA:192,12,0,0
BRDA:192,12,1,0
BRDA:195,13,0,0
BRDA:195,13,1,0
BRDA:198,14,0,0
BRDA:198,14,1,0
BRDA:201,15,0,0
BRDA:201,15,1,0
BRDA:204,16,0,0
BRDA:204,16,1,0
BRDA:204,16,2,0
BRDA:231,17,0,0
BRDA:231,17,1,0
BRDA:234,18,0,0
BRDA:234,18,1,0
BRDA:279,19,0,0
BRDA:279,19,1,0
BRDA:286,20,0,0
BRDA:286,20,1,0
BRDA:296,21,0,0
BRDA:296,21,1,0
BRDA:305,22,0,0
BRDA:305,22,1,0
BRDA:305,22,2,0
BRDA:310,23,0,0
BRDA:310,23,1,0
BRDA:313,24,0,0
BRDA:313,24,1,0
BRDA:314,25,0,0
BRDA:314,25,1,0
BRDA:317,26,0,0
BRDA:317,26,1,0
BRF:57
BRH:0
end_of_record
