TN:
SF:context\SocketNotificationContext.tsx
FN:11,formatNotifMessage
FN:73,extractUnreadCount
FN:87,(anonymous_2)
FN:88,(anonymous_3)
FN:96,SocketNotificationProvider
FN:107,(anonymous_5)
FN:108,(anonymous_6)
FN:112,(anonymous_7)
FN:113,(anonymous_8)
FN:121,(anonymous_9)
FN:129,(anonymous_10)
FN:133,(anonymous_11)
FN:144,(anonymous_12)
FN:149,(anonymous_13)
FN:155,(anonymous_14)
FN:156,(anonymous_15)
FN:178,(anonymous_16)
FN:186,(anonymous_17)
FN:194,(anonymous_18)
FN:196,(anonymous_19)
FN:201,(anonymous_20)
FN:204,(anonymous_21)
FN:207,(anonymous_22)
FN:217,(anonymous_23)
FN:220,(anonymous_24)
FN:252,useSocketNotification
FNF:26
FNH:18
FNDA:1,formatNotifMessage
FNDA:3,extractUnreadCount
FNDA:0,(anonymous_2)
FNDA:2,(anonymous_3)
FNDA:4,SocketNotificationProvider
FNDA:3,(anonymous_5)
FNDA:3,(anonymous_6)
FNDA:3,(anonymous_7)
FNDA:3,(anonymous_8)
FNDA:0,(anonymous_9)
FNDA:1,(anonymous_10)
FNDA:1,(anonymous_11)
FNDA:0,(anonymous_12)
FNDA:0,(anonymous_13)
FNDA:3,(anonymous_14)
FNDA:1,(anonymous_15)
FNDA:0,(anonymous_16)
FNDA:3,(anonymous_17)
FNDA:3,(anonymous_18)
FNDA:0,(anonymous_19)
FNDA:3,(anonymous_20)
FNDA:3,(anonymous_21)
FNDA:0,(anonymous_22)
FNDA:3,(anonymous_23)
FNDA:0,(anonymous_24)
FNDA:16,useSocketNotification
DA:12,1
DA:14,1
DA:18,1
DA:22,1
DA:24,0
DA:25,0
DA:26,0
DA:27,0
DA:30,0
DA:31,0
DA:34,0
DA:35,0
DA:36,0
DA:37,0
DA:38,0
DA:41,0
DA:42,0
DA:45,1
DA:74,3
DA:75,3
DA:76,3
DA:77,3
DA:78,3
DA:83,4
DA:94,4
DA:101,4
DA:102,4
DA:104,4
DA:105,4
DA:107,4
DA:108,3
DA:112,4
DA:113,3
DA:114,3
DA:115,3
DA:116,3
DA:121,4
DA:122,0
DA:123,0
DA:124,0
DA:128,4
DA:131,1
DA:132,1
DA:133,1
DA:136,1
DA:143,1
DA:144,1
DA:145,0
DA:149,0
DA:155,4
DA:156,3
DA:157,1
DA:158,1
DA:159,1
DA:164,1
DA:168,1
DA:179,0
DA:180,0
DA:184,3
DA:186,3
DA:187,3
DA:188,3
DA:194,4
DA:195,3
DA:196,3
DA:197,0
DA:198,0
DA:201,3
DA:204,4
DA:205,3
DA:208,0
DA:209,0
DA:212,0
DA:217,3
DA:220,4
DA:222,4
DA:253,16
DA:258,4
LF:78
LH:53
BRDA:12,0,0,1
BRDA:12,0,1,1
BRDA:14,1,0,1
BRDA:14,1,1,0
BRDA:14,1,2,1
BRDA:14,1,3,1
BRDA:18,2,0,1
BRDA:18,2,1,0
BRDA:18,2,2,1
BRDA:18,2,3,1
BRDA:22,3,0,0
BRDA:22,3,1,0
BRDA:22,3,2,0
BRDA:22,3,3,0
BRDA:24,4,0,0
BRDA:24,4,1,0
BRDA:24,5,0,0
BRDA:24,5,1,0
BRDA:26,6,0,0
BRDA:26,6,1,0
BRDA:30,7,0,0
BRDA:30,7,1,0
BRDA:34,8,0,0
BRDA:34,8,1,0
BRDA:35,9,0,0
BRDA:35,9,1,0
BRDA:35,10,0,0
BRDA:35,10,1,0
BRDA:37,11,0,0
BRDA:37,11,1,0
BRDA:41,12,0,0
BRDA:41,12,1,0
BRDA:46,13,0,1
BRDA:46,13,1,0
BRDA:46,13,2,0
BRDA:46,13,3,0
BRDA:46,13,4,0
BRDA:46,13,5,0
BRDA:46,13,6,0
BRDA:74,14,0,0
BRDA:74,14,1,3
BRDA:75,15,0,3
BRDA:75,15,1,0
BRDA:76,16,0,0
BRDA:76,16,1,3
BRDA:78,17,0,3
BRDA:78,17,1,0
BRDA:78,18,0,3
BRDA:78,18,1,3
BRDA:143,19,0,0
BRDA:143,19,1,1
BRDA:157,20,0,1
BRDA:157,20,1,1
BRDA:164,21,0,1
BRDA:164,21,1,0
BRDA:164,21,2,1
BRDA:164,21,3,1
BRDA:164,21,4,1
BRDA:174,22,0,1
BRDA:174,22,1,0
BRDA:179,23,0,0
BRDA:179,23,1,0
BRDA:188,24,0,1
BRDA:188,24,1,2
BRDA:197,25,0,0
BRDA:197,25,1,0
BRDA:208,26,0,0
BRDA:208,26,1,0
BRDA:230,27,0,4
BRDA:230,27,1,1
BRDA:261,28,0,4
BRDA:261,28,1,0
BRF:72
BRH:28
end_of_record
TN:
SF:screens\common\AccountScreen.tsx
FN:19,AccountScreen
FN:27,(anonymous_1)
FN:31,(anonymous_2)
FN:50,(anonymous_3)
FN:93,(anonymous_4)
FN:127,(anonymous_5)
FNF:6
FNH:6
FNDA:61,AccountScreen
FNDA:31,(anonymous_1)
FNDA:31,(anonymous_2)
FNDA:7,(anonymous_3)
FNDA:6,(anonymous_4)
FNDA:2,(anonymous_5)
DA:20,61
DA:21,61
DA:22,61
DA:23,61
DA:24,61
DA:25,61
DA:27,61
DA:28,31
DA:31,61
DA:32,31
DA:33,31
DA:34,30
DA:35,12
DA:36,12
DA:38,12
DA:39,12
DA:40,9
DA:41,9
DA:43,3
DA:44,3
DA:46,12
DA:50,61
DA:51,7
DA:52,7
DA:53,2
DA:57,2
DA:59,5
DA:65,5
DA:67,2
DA:68,2
DA:69,2
DA:70,2
DA:71,2
DA:76,2
DA:77,2
DA:78,2
DA:80,2
DA:81,2
DA:82,0
DA:83,0
DA:84,0
DA:87,0
DA:89,2
DA:93,61
DA:94,6
DA:97,6
DA:98,2
DA:99,2
DA:101,4
DA:102,4
DA:103,4
DA:104,3
DA:105,3
DA:106,3
DA:107,3
DA:109,3
DA:111,1
DA:113,4
DA:117,61
DA:119,61
DA:127,2
DA:226,2
LF:62
LH:58
BRDA:34,0,0,18
BRDA:34,0,1,12
BRDA:38,1,0,12
BRDA:38,1,1,1
BRDA:39,2,0,9
BRDA:39,2,1,3
BRDA:43,3,0,3
BRDA:43,3,1,1
BRDA:46,4,0,1
BRDA:46,4,1,11
BRDA:52,5,0,2
BRDA:52,5,1,5
BRDA:65,6,0,3
BRDA:65,6,1,2
BRDA:77,7,0,2
BRDA:77,7,1,0
BRDA:77,7,2,0
BRDA:81,8,0,0
BRDA:81,8,1,2
BRDA:97,9,0,2
BRDA:97,9,1,4
BRDA:104,10,0,3
BRDA:104,10,1,0
BRDA:117,11,0,61
BRDA:117,11,1,41
BRDA:117,11,2,37
BRDA:147,12,0,2
BRDA:147,12,1,59
BRDA:151,13,0,3
BRDA:151,13,1,56
BRDA:175,14,0,61
BRDA:175,14,1,39
BRDA:203,15,0,61
BRDA:203,15,1,4
BRDA:207,16,0,4
BRDA:207,16,1,57
BRF:36
BRH:32
end_of_record
TN:
SF:screens\common\ForgotPasswordScreen.tsx
FN:16,ForgotPasswordScreen
FN:20,(anonymous_1)
FN:31,(anonymous_2)
FNF:3
FNH:2
FNDA:3,ForgotPasswordScreen
FNDA:1,(anonymous_1)
FNDA:0,(anonymous_2)
DA:17,3
DA:18,3
DA:20,3
DA:21,1
DA:22,1
DA:23,1
DA:25,0
DA:26,0
DA:27,0
DA:28,0
DA:31,0
DA:34,0
DA:38,3
DA:93,2
LF:14
LH:8
BRDA:21,0,0,1
BRDA:21,0,1,0
BRDA:41,1,0,3
BRDA:41,1,1,0
BRDA:74,2,0,3
BRDA:74,2,1,0
BRDA:79,3,0,0
BRDA:79,3,1,3
BRF:8
BRH:4
end_of_record
TN:
SF:screens\common\HomeScreen.tsx
FN:26,CircularProgress
FN:95,formatTaskTime
FN:104,HomeScreen
FN:116,(anonymous_3)
FN:122,(anonymous_4)
FN:137,(anonymous_5)
FN:165,(anonymous_6)
FN:175,(anonymous_7)
FN:181,(anonymous_8)
FN:183,(anonymous_9)
FN:187,(anonymous_10)
FN:198,(anonymous_11)
FN:213,(anonymous_12)
FN:220,(anonymous_13)
FN:251,(anonymous_14)
FN:264,(anonymous_15)
FN:290,(anonymous_16)
FN:327,(anonymous_17)
FN:344,(anonymous_18)
FN:406,(anonymous_19)
FN:410,(anonymous_20)
FN:458,(anonymous_21)
FN:459,(anonymous_22)
FNF:23
FNH:4
FNDA:4,CircularProgress
FNDA:0,formatTaskTime
FNDA:4,HomeScreen
FNDA:2,(anonymous_3)
FNDA:2,(anonymous_4)
FNDA:0,(anonymous_5)
FNDA:0,(anonymous_6)
FNDA:0,(anonymous_7)
FNDA:0,(anonymous_8)
FNDA:0,(anonymous_9)
FNDA:0,(anonymous_10)
FNDA:0,(anonymous_11)
FNDA:0,(anonymous_12)
FNDA:0,(anonymous_13)
FNDA:0,(anonymous_14)
FNDA:0,(anonymous_15)
FNDA:0,(anonymous_16)
FNDA:0,(anonymous_17)
FNDA:0,(anonymous_18)
FNDA:0,(anonymous_19)
FNDA:0,(anonymous_20)
FNDA:0,(anonymous_21)
FNDA:0,(anonymous_22)
DA:27,4
DA:28,4
DA:29,4
DA:30,4
DA:31,4
DA:32,4
DA:73,1
DA:74,1
DA:82,1
DA:88,1
DA:96,0
DA:97,0
DA:98,0
DA:99,0
DA:100,0
DA:101,0
DA:105,4
DA:106,4
DA:107,4
DA:108,4
DA:109,4
DA:110,4
DA:111,4
DA:112,4
DA:113,4
DA:115,4
DA:117,2
DA:118,2
DA:122,4
DA:123,2
DA:124,2
DA:125,2
DA:126,2
DA:127,2
DA:128,2
DA:130,2
DA:131,2
DA:132,2
DA:133,2
DA:134,2
DA:135,2
DA:136,0
DA:137,0
DA:139,0
DA:140,0
DA:141,0
DA:144,0
DA:148,0
DA:149,0
DA:151,2
DA:152,2
DA:153,2
DA:156,2
DA:157,2
DA:158,0
DA:161,0
DA:162,0
DA:163,0
DA:164,0
DA:165,0
DA:166,0
DA:167,0
DA:169,0
DA:170,0
DA:171,0
DA:172,0
DA:174,0
DA:175,0
DA:177,0
DA:180,0
DA:181,0
DA:183,0
DA:184,0
DA:185,0
DA:187,0
DA:188,0
DA:189,0
DA:190,0
DA:192,0
DA:195,0
DA:196,0
DA:197,0
DA:199,0
DA:200,0
DA:201,0
DA:205,0
DA:207,0
DA:209,0
DA:213,4
DA:214,0
DA:215,0
DA:216,0
DA:217,0
DA:219,0
DA:220,0
DA:222,0
DA:224,0
DA:227,4
DA:229,4
DA:233,4
DA:251,0
DA:264,0
DA:290,0
DA:329,0
DA:331,0
DA:333,0
DA:334,0
DA:345,0
DA:407,0
DA:411,0
DA:458,0
DA:459,0
DA:466,1
LF:113
LH:45
BRDA:96,0,0,0
BRDA:96,0,1,0
BRDA:100,1,0,0
BRDA:100,1,1,0
BRDA:101,2,0,0
BRDA:101,2,1,0
BRDA:126,3,0,0
BRDA:126,3,1,2
BRDA:127,4,0,0
BRDA:127,4,1,2
BRDA:131,5,0,2
BRDA:131,5,1,0
BRDA:131,6,0,2
BRDA:131,6,1,0
BRDA:137,7,0,0
BRDA:137,7,1,0
BRDA:139,8,0,0
BRDA:139,8,1,0
BRDA:144,9,0,0
BRDA:144,9,1,0
BRDA:144,9,2,0
BRDA:144,9,3,0
BRDA:147,10,0,0
BRDA:147,10,1,0
BRDA:148,11,0,0
BRDA:148,11,1,0
BRDA:158,12,0,0
BRDA:158,12,1,0
BRDA:166,13,0,0
BRDA:166,13,1,0
BRDA:167,14,0,0
BRDA:167,14,1,0
BRDA:169,15,0,0
BRDA:169,15,1,0
BRDA:169,16,0,0
BRDA:169,16,1,0
BRDA:169,17,0,0
BRDA:169,17,1,0
BRDA:170,18,0,0
BRDA:170,18,1,0
BRDA:170,19,0,0
BRDA:170,19,1,0
BRDA:171,20,0,0
BRDA:171,20,1,0
BRDA:171,21,0,0
BRDA:171,21,1,0
BRDA:184,22,0,0
BRDA:184,22,1,0
BRDA:188,23,0,0
BRDA:188,23,1,0
BRDA:188,23,2,0
BRDA:189,24,0,0
BRDA:189,24,1,0
BRDA:189,24,2,0
BRDA:201,25,0,0
BRDA:201,25,1,0
BRDA:201,25,2,0
BRDA:215,26,0,0
BRDA:215,26,1,0
BRDA:219,27,0,0
BRDA:219,27,1,0
BRDA:224,28,0,0
BRDA:224,28,1,0
BRDA:229,29,0,0
BRDA:229,29,1,4
BRDA:258,30,0,4
BRDA:258,30,1,4
BRDA:269,31,0,4
BRDA:269,31,1,0
BRDA:272,32,0,0
BRDA:272,32,1,0
BRDA:283,33,0,0
BRDA:283,33,1,4
BRDA:308,34,0,4
BRDA:308,34,1,0
BRDA:329,35,0,0
BRDA:329,35,1,0
BRDA:331,36,0,0
BRDA:331,36,1,0
BRDA:333,37,0,0
BRDA:333,37,1,0
BRDA:390,38,0,4
BRDA:390,38,1,0
BRDA:395,39,0,0
BRDA:395,39,1,0
BRDA:431,40,0,0
BRDA:431,40,1,0
BRDA:435,41,0,0
BRDA:435,41,1,0
BRDA:444,42,0,4
BRDA:444,42,1,0
BRDA:447,43,0,0
BRDA:447,43,1,0
BRDA:448,44,0,0
BRDA:448,44,1,0
BRDA:452,45,0,0
BRDA:452,45,1,0
BRDA:454,46,0,0
BRDA:454,46,1,0
BRF:99
BRH:12
end_of_record
TN:
SF:screens\common\LoginScreen.tsx
FN:19,LoginScreen
FN:25,(anonymous_1)
FN:62,(anonymous_2)
FN:119,(anonymous_3)
FN:143,(anonymous_4)
FNF:5
FNH:5
FNDA:14,LoginScreen
FNDA:2,(anonymous_1)
FNDA:1,(anonymous_2)
FNDA:1,(anonymous_3)
FNDA:1,(anonymous_4)
DA:20,14
DA:21,14
DA:22,14
DA:23,14
DA:25,14
DA:26,2
DA:27,1
DA:28,1
DA:31,1
DA:32,1
DA:34,1
DA:35,1
DA:37,1
DA:38,1
DA:39,1
DA:40,1
DA:41,1
DA:44,1
DA:46,0
DA:49,0
DA:52,1
DA:55,1
DA:57,1
DA:62,14
DA:63,1
DA:68,14
DA:119,1
DA:143,1
DA:155,2
LF:29
LH:27
BRDA:26,0,0,1
BRDA:26,0,1,1
BRDA:26,1,0,2
BRDA:26,1,1,1
BRDA:37,2,0,1
BRDA:37,2,1,0
BRDA:46,3,0,0
BRDA:46,3,1,0
BRDA:71,4,0,14
BRDA:71,4,1,0
BRDA:124,5,0,2
BRDA:124,5,1,12
BRDA:129,6,0,14
BRDA:129,6,1,1
BRDA:134,7,0,1
BRDA:134,7,1,13
BRF:16
BRH:12
end_of_record
TN:
SF:screens\common\NotificationScreen.tsx
FN:19,formatNotifMessage
FN:50,formatTime
FN:66,NotificationScreen
FN:72,(anonymous_3)
FN:77,(anonymous_4)
FN:87,(anonymous_5)
FN:92,(anonymous_6)
FN:93,(anonymous_7)
FN:96,(anonymous_8)
FN:98,(anonymous_9)
FN:104,(anonymous_10)
FN:109,(anonymous_11)
FN:114,(anonymous_12)
FN:117,(anonymous_13)
FN:117,(anonymous_14)
FN:123,(anonymous_15)
FN:129,(anonymous_16)
FN:134,(anonymous_17)
FN:190,(anonymous_18)
FN:204,(anonymous_19)
FN:219,(anonymous_20)
FN:223,(anonymous_21)
FN:224,(anonymous_22)
FNF:23
FNH:0
FNDA:0,formatNotifMessage
FNDA:0,formatTime
FNDA:0,NotificationScreen
FNDA:0,(anonymous_3)
FNDA:0,(anonymous_4)
FNDA:0,(anonymous_5)
FNDA:0,(anonymous_6)
FNDA:0,(anonymous_7)
FNDA:0,(anonymous_8)
FNDA:0,(anonymous_9)
FNDA:0,(anonymous_10)
FNDA:0,(anonymous_11)
FNDA:0,(anonymous_12)
FNDA:0,(anonymous_13)
FNDA:0,(anonymous_14)
FNDA:0,(anonymous_15)
FNDA:0,(anonymous_16)
FNDA:0,(anonymous_17)
FNDA:0,(anonymous_18)
FNDA:0,(anonymous_19)
FNDA:0,(anonymous_20)
FNDA:0,(anonymous_21)
FNDA:0,(anonymous_22)
DA:20,0
DA:22,0
DA:24,0
DA:26,0
DA:27,0
DA:28,0
DA:29,0
DA:32,0
DA:33,0
DA:36,0
DA:37,0
DA:38,0
DA:39,0
DA:40,0
DA:43,0
DA:44,0
DA:47,0
DA:51,0
DA:52,0
DA:53,0
DA:54,0
DA:62,0
DA:67,0
DA:68,0
DA:69,0
DA:70,0
DA:72,0
DA:73,0
DA:74,0
DA:75,0
DA:76,0
DA:77,0
DA:78,0
DA:80,0
DA:82,0
DA:83,0
DA:87,0
DA:88,0
DA:92,0
DA:93,0
DA:94,0
DA:95,0
DA:96,0
DA:98,0
DA:99,0
DA:103,0
DA:104,0
DA:105,0
DA:109,0
DA:110,0
DA:111,0
DA:114,0
DA:115,0
DA:116,0
DA:117,0
DA:119,0
DA:123,0
DA:124,0
DA:129,0
DA:134,0
DA:135,0
DA:136,0
DA:138,0
DA:139,0
DA:140,0
DA:141,0
DA:143,0
DA:144,0
DA:148,0
DA:149,0
DA:150,0
DA:151,0
DA:155,0
DA:156,0
DA:178,0
DA:190,0
DA:204,0
DA:220,0
DA:223,0
DA:224,0
DA:249,0
LF:81
LH:0
BRDA:20,0,0,0
BRDA:20,0,1,0
BRDA:20,0,2,0
BRDA:22,1,0,0
BRDA:22,1,1,0
BRDA:22,1,2,0
BRDA:24,2,0,0
BRDA:24,2,1,0
BRDA:24,2,2,0
BRDA:24,2,3,0
BRDA:26,3,0,0
BRDA:26,3,1,0
BRDA:26,4,0,0
BRDA:26,4,1,0
BRDA:28,5,0,0
BRDA:28,5,1,0
BRDA:32,6,0,0
BRDA:32,6,1,0
BRDA:36,7,0,0
BRDA:36,7,1,0
BRDA:37,8,0,0
BRDA:37,8,1,0
BRDA:37,9,0,0
BRDA:37,9,1,0
BRDA:39,10,0,0
BRDA:39,10,1,0
BRDA:43,11,0,0
BRDA:43,11,1,0
BRDA:47,12,0,0
BRDA:47,12,1,0
BRDA:47,12,2,0
BRDA:51,13,0,0
BRDA:51,13,1,0
BRDA:75,14,0,0
BRDA:75,14,1,0
BRDA:75,14,2,0
BRDA:76,15,0,0
BRDA:76,15,1,0
BRDA:94,16,0,0
BRDA:94,16,1,0
BRDA:95,17,0,0
BRDA:95,17,1,0
BRDA:98,18,0,0
BRDA:98,18,1,0
BRDA:135,19,0,0
BRDA:135,19,1,0
BRDA:136,20,0,0
BRDA:136,20,1,0
BRDA:143,21,0,0
BRDA:143,21,1,0
BRDA:148,22,0,0
BRDA:148,22,1,0
BRDA:150,23,0,0
BRDA:150,23,1,0
BRDA:155,24,0,0
BRDA:155,24,1,0
BRDA:204,25,0,0
BRDA:204,25,1,0
BRDA:233,26,0,0
BRDA:233,26,1,0
BRF:60
BRH:0
end_of_record
TN:
SF:screens\common\OnboardingScreen.tsx
FN:12,OnboardingScreen
FN:64,(anonymous_1)
FNF:2
FNH:2
FNDA:10,OnboardingScreen
FNDA:2,(anonymous_1)
DA:13,10
DA:14,10
DA:16,10
DA:64,2
DA:82,2
LF:5
LH:5
BRF:0
BRH:0
end_of_record
TN:
SF:screens\common\ResetPasswordScreen.tsx
FN:15,ResetPasswordScreen
FN:19,(anonymous_1)
FN:27,(anonymous_2)
FNF:3
FNH:2
FNDA:4,ResetPasswordScreen
FNDA:1,(anonymous_1)
FNDA:0,(anonymous_2)
DA:16,4
DA:17,4
DA:19,4
DA:20,1
DA:27,4
DA:28,0
DA:31,4
DA:87,1
LF:8
LH:7
BRDA:34,0,0,4
BRDA:34,0,1,0
BRDA:69,1,0,4
BRDA:69,1,1,0
BRDA:73,2,0,0
BRDA:73,2,1,4
BRF:6
BRH:3
end_of_record
TN:
SF:screens\common\SettingScreen.tsx
FN:39,SettingRow
FN:66,CustomToggle
FN:77,(anonymous_2)
FN:120,ToggleRow
FN:137,SettingScreen
FN:143,(anonymous_5)
FN:148,(anonymous_6)
FN:155,(anonymous_7)
FN:166,(anonymous_8)
FN:173,(anonymous_9)
FN:176,(anonymous_10)
FN:177,(anonymous_11)
FN:194,(anonymous_12)
FN:234,(anonymous_13)
FN:258,(anonymous_14)
FN:270,(anonymous_15)
FN:282,(anonymous_16)
FNF:17
FNH:9
FNDA:60,SettingRow
FNDA:36,CustomToggle
FNDA:0,(anonymous_2)
FNDA:36,ToggleRow
FNDA:12,SettingScreen
FNDA:8,(anonymous_5)
FNDA:8,(anonymous_6)
FNDA:8,(anonymous_7)
FNDA:0,(anonymous_8)
FNDA:0,(anonymous_9)
FNDA:1,(anonymous_10)
FNDA:0,(anonymous_11)
FNDA:0,(anonymous_12)
FNDA:1,(anonymous_13)
FNDA:0,(anonymous_14)
FNDA:0,(anonymous_15)
FNDA:0,(anonymous_16)
DA:49,60
DA:75,36
DA:77,36
DA:78,0
DA:79,0
DA:84,0
DA:87,36
DA:91,36
DA:96,36
DA:128,36
DA:138,12
DA:139,12
DA:140,12
DA:141,12
DA:143,12
DA:144,8
DA:145,8
DA:148,12
DA:149,8
DA:150,8
DA:151,8
DA:155,12
DA:156,8
DA:157,8
DA:158,3
DA:159,3
DA:160,3
DA:161,3
DA:162,3
DA:166,12
DA:167,0
DA:172,0
DA:173,0
DA:176,12
DA:177,1
DA:178,1
DA:179,1
DA:180,1
DA:183,12
DA:185,12
DA:194,0
DA:234,1
DA:259,0
DA:260,0
DA:271,0
DA:272,0
DA:283,0
DA:284,0
DA:319,2
LF:49
LH:36
BRDA:45,0,0,48
BRDA:54,1,0,24
BRDA:54,1,1,36
BRDA:59,2,0,24
BRDA:59,2,1,36
BRDA:60,3,0,60
BRDA:60,3,1,36
BRDA:75,4,0,36
BRDA:75,4,1,0
BRDA:80,5,0,0
BRDA:80,5,1,0
BRDA:151,6,0,4
BRDA:151,6,1,4
BRDA:158,7,0,3
BRDA:158,7,1,0
BRDA:158,7,2,0
BRDA:159,8,0,3
BRDA:159,8,1,0
BRDA:161,9,0,3
BRDA:161,9,1,0
BRDA:162,10,0,3
BRDA:162,10,1,0
BRDA:172,11,0,0
BRDA:172,11,1,0
BRDA:183,12,0,12
BRDA:183,12,1,8
BRDA:219,13,0,12
BRDA:219,13,1,8
BRDA:222,14,0,12
BRDA:222,14,1,8
BRF:30
BRH:20
end_of_record
TN:
SF:screens\common\SignUpScreen.tsx
FN:16,SignUpScreen
FN:25,(anonymous_1)
FN:145,(anonymous_2)
FNF:3
FNH:3
FNDA:12,SignUpScreen
FNDA:2,(anonymous_1)
FNDA:1,(anonymous_2)
DA:17,12
DA:18,12
DA:19,12
DA:20,12
DA:21,12
DA:22,12
DA:23,12
DA:25,12
DA:26,2
DA:27,1
DA:28,1
DA:30,1
DA:31,1
DA:32,1
DA:34,0
DA:35,0
DA:36,0
DA:38,0
DA:39,0
DA:40,0
DA:41,0
DA:42,0
DA:43,0
DA:44,0
DA:45,0
DA:46,0
DA:48,0
DA:51,0
DA:53,0
DA:57,12
DA:145,1
DA:157,2
LF:32
LH:17
BRDA:26,0,0,1
BRDA:26,0,1,1
BRDA:26,1,0,2
BRDA:26,1,1,1
BRDA:26,1,2,1
BRDA:26,1,3,1
BRDA:30,2,0,1
BRDA:30,2,1,0
BRDA:34,3,0,0
BRDA:34,3,1,0
BRDA:43,4,0,0
BRDA:43,4,1,0
BRDA:48,5,0,0
BRDA:48,5,1,0
BRDA:60,6,0,12
BRDA:60,6,1,0
BRDA:126,7,0,2
BRDA:126,7,1,10
BRDA:131,8,0,12
BRDA:131,8,1,0
BRDA:136,9,0,0
BRDA:136,9,1,12
BRF:22
BRH:12
end_of_record
TN:
SF:screens\common\StartScreen.tsx
FN:15,StartScreen
FN:43,(anonymous_1)
FNF:2
FNH:2
FNDA:2,StartScreen
FNDA:1,(anonymous_1)
DA:13,1
DA:16,2
DA:43,1
DA:54,1
LF:4
LH:4
BRF:0
BRH:0
end_of_record
TN:
SF:screens\common\WalkthroughScreen.tsx
FN:38,WalkthroughScreen
FN:42,(anonymous_1)
FN:55,(anonymous_2)
FN:60,(anonymous_3)
FN:90,(anonymous_4)
FN:91,(anonymous_5)
FN:107,(anonymous_6)
FNF:7
FNH:6
FNDA:4,WalkthroughScreen
FNDA:1,(anonymous_1)
FNDA:1,(anonymous_2)
FNDA:0,(anonymous_3)
FNDA:16,(anonymous_4)
FNDA:12,(anonymous_5)
FNDA:12,(anonymous_6)
DA:15,1
DA:17,1
DA:39,4
DA:40,4
DA:42,4
DA:43,1
DA:44,1
DA:45,1
DA:51,0
DA:55,4
DA:57,1
DA:60,4
DA:61,0
DA:62,0
DA:65,4
DA:90,16
DA:92,12
DA:108,12
DA:124,1
LF:19
LH:16
BRDA:43,0,0,1
BRDA:43,0,1,0
BRDA:62,1,0,0
BRDA:62,1,1,0
BRDA:110,2,0,12
BRDA:110,2,1,4
BRDA:116,3,0,4
BRDA:116,3,1,0
BRF:8
BRH:4
end_of_record
TN:
SF:screens\organizer\AddLocation.tsx
FN:34,(anonymous_0)
FN:37,pinchDistance
FN:43,MapEditorScreen
FN:46,(anonymous_3)
FN:72,(anonymous_4)
FN:74,(anonymous_5)
FN:93,(anonymous_6)
FN:105,(anonymous_7)
FN:112,(anonymous_8)
FN:126,(anonymous_9)
FN:128,(anonymous_10)
FN:130,(anonymous_11)
FN:139,(anonymous_12)
FN:159,(anonymous_13)
FN:162,(anonymous_14)
FN:170,(anonymous_15)
FN:194,(anonymous_16)
FN:195,(anonymous_17)
FN:195,(anonymous_18)
FN:205,(anonymous_19)
FN:213,(anonymous_20)
FN:214,(anonymous_21)
FN:226,(anonymous_22)
FN:227,(anonymous_23)
FN:233,(anonymous_24)
FN:234,(anonymous_25)
FN:235,(anonymous_26)
FN:243,(anonymous_27)
FN:249,(anonymous_28)
FN:255,(anonymous_29)
FN:256,(anonymous_30)
FN:257,(anonymous_31)
FN:261,(anonymous_32)
FN:264,(anonymous_33)
FN:265,(anonymous_34)
FN:277,(anonymous_35)
FN:288,(anonymous_36)
FN:318,(anonymous_37)
FN:330,(anonymous_38)
FN:342,(anonymous_39)
FN:343,(anonymous_40)
FN:380,(anonymous_41)
FN:388,(anonymous_42)
FN:401,(anonymous_43)
FN:439,(anonymous_44)
FNF:45
FNH:3
FNDA:0,(anonymous_0)
FNDA:0,pinchDistance
FNDA:3,MapEditorScreen
FNDA:3,(anonymous_3)
FNDA:1,(anonymous_4)
FNDA:0,(anonymous_5)
FNDA:0,(anonymous_6)
FNDA:0,(anonymous_7)
FNDA:0,(anonymous_8)
FNDA:0,(anonymous_9)
FNDA:0,(anonymous_10)
FNDA:0,(anonymous_11)
FNDA:0,(anonymous_12)
FNDA:0,(anonymous_13)
FNDA:0,(anonymous_14)
FNDA:0,(anonymous_15)
FNDA:0,(anonymous_16)
FNDA:0,(anonymous_17)
FNDA:0,(anonymous_18)
FNDA:0,(anonymous_19)
FNDA:0,(anonymous_20)
FNDA:0,(anonymous_21)
FNDA:0,(anonymous_22)
FNDA:0,(anonymous_23)
FNDA:0,(anonymous_24)
FNDA:0,(anonymous_25)
FNDA:0,(anonymous_26)
FNDA:0,(anonymous_27)
FNDA:0,(anonymous_28)
FNDA:0,(anonymous_29)
FNDA:0,(anonymous_30)
FNDA:0,(anonymous_31)
FNDA:0,(anonymous_32)
FNDA:0,(anonymous_33)
FNDA:0,(anonymous_34)
FNDA:0,(anonymous_35)
FNDA:0,(anonymous_36)
FNDA:0,(anonymous_37)
FNDA:0,(anonymous_38)
FNDA:0,(anonymous_39)
FNDA:0,(anonymous_40)
FNDA:0,(anonymous_41)
FNDA:0,(anonymous_42)
FNDA:0,(anonymous_43)
FNDA:0,(anonymous_44)
DA:26,2
DA:28,2
DA:29,2
DA:30,2
DA:31,2
DA:32,2
DA:34,2
DA:35,0
DA:38,0
DA:39,0
DA:40,0
DA:44,3
DA:45,3
DA:46,3
DA:47,3
DA:48,3
DA:49,0
DA:58,3
DA:59,3
DA:65,3
DA:66,3
DA:67,3
DA:68,3
DA:69,3
DA:70,3
DA:72,3
DA:73,1
DA:74,0
DA:75,0
DA:76,0
DA:82,3
DA:83,3
DA:84,3
DA:85,3
DA:86,3
DA:87,3
DA:88,3
DA:89,3
DA:90,3
DA:91,3
DA:93,3
DA:94,0
DA:95,0
DA:96,0
DA:97,0
DA:98,0
DA:99,0
DA:100,0
DA:101,0
DA:102,0
DA:105,3
DA:106,0
DA:107,0
DA:108,0
DA:109,0
DA:112,3
DA:113,0
DA:114,0
DA:115,0
DA:116,0
DA:124,3
DA:127,0
DA:128,0
DA:131,0
DA:132,0
DA:133,0
DA:134,0
DA:135,0
DA:140,0
DA:141,0
DA:142,0
DA:143,0
DA:144,0
DA:145,0
DA:146,0
DA:147,0
DA:149,0
DA:150,0
DA:153,0
DA:160,0
DA:163,0
DA:170,3
DA:171,0
DA:172,0
DA:173,0
DA:175,0
DA:176,0
DA:177,0
DA:178,0
DA:181,0
DA:187,0
DA:188,0
DA:194,3
DA:195,0
DA:197,0
DA:198,0
DA:205,3
DA:206,0
DA:207,0
DA:208,0
DA:209,0
DA:210,0
DA:211,0
DA:213,0
DA:214,0
DA:215,0
DA:226,3
DA:227,0
DA:228,0
DA:229,0
DA:230,0
DA:233,3
DA:234,0
DA:235,0
DA:236,0
DA:239,0
DA:240,0
DA:243,3
DA:244,0
DA:245,0
DA:246,0
DA:249,3
DA:250,0
DA:251,0
DA:254,0
DA:255,0
DA:256,0
DA:258,0
DA:259,0
DA:262,0
DA:264,0
DA:265,0
DA:268,0
DA:269,0
DA:272,3
DA:277,0
DA:288,0
DA:318,0
DA:331,0
DA:332,0
DA:333,0
DA:334,0
DA:335,0
DA:337,0
DA:339,0
DA:342,0
DA:343,0
DA:380,0
DA:388,0
DA:402,0
DA:403,0
DA:404,0
DA:406,0
DA:407,0
DA:412,0
DA:440,0
DA:441,0
DA:457,2
LF:158
LH:45
BRDA:48,0,0,3
BRDA:48,0,1,0
BRDA:48,1,0,3
BRDA:48,1,1,0
BRDA:54,2,0,0
BRDA:54,2,1,0
BRDA:73,3,0,1
BRDA:73,3,1,0
BRDA:75,4,0,0
BRDA:75,4,1,0
BRDA:133,5,0,0
BRDA:133,5,1,0
BRDA:141,6,0,0
BRDA:141,6,1,0
BRDA:142,7,0,0
BRDA:142,7,1,0
BRDA:172,8,0,0
BRDA:172,8,1,0
BRDA:173,9,0,0
BRDA:173,9,1,0
BRDA:197,10,0,0
BRDA:197,10,1,0
BRDA:206,11,0,0
BRDA:206,11,1,0
BRDA:207,12,0,0
BRDA:207,12,1,0
BRDA:215,13,0,0
BRDA:215,13,1,0
BRDA:229,14,0,0
BRDA:229,14,1,0
BRDA:236,15,0,0
BRDA:236,15,1,0
BRDA:250,16,0,0
BRDA:250,16,1,0
BRDA:291,17,0,3
BRDA:291,17,1,0
BRDA:294,18,0,0
BRDA:294,18,1,0
BRDA:322,19,0,0
BRDA:322,19,1,3
BRDA:332,20,0,0
BRDA:332,20,1,0
BRDA:333,21,0,0
BRDA:333,21,1,0
BRDA:347,22,0,0
BRDA:347,22,1,0
BRDA:351,23,0,0
BRDA:351,23,1,0
BRDA:354,24,0,0
BRDA:354,24,1,0
BRDA:355,25,0,0
BRDA:355,25,1,0
BRDA:357,26,0,0
BRDA:357,26,1,0
BRDA:402,27,0,0
BRDA:402,27,1,0
BRDA:410,28,0,0
BRDA:410,28,1,0
BRDA:421,29,0,3
BRDA:421,29,1,0
BRF:60
BRH:6
end_of_record
TN:
SF:screens\organizer\AddTask.tsx
FN:54,formatDate
FN:61,formatTime
FN:69,AddTask
FN:98,(anonymous_3)
FN:100,(anonymous_4)
FN:103,(anonymous_5)
FN:116,(anonymous_6)
FN:124,(anonymous_7)
FN:131,(anonymous_8)
FN:170,(anonymous_9)
FN:172,(anonymous_10)
FN:176,(anonymous_11)
FN:224,(anonymous_12)
FN:231,(anonymous_13)
FN:253,(anonymous_14)
FN:267,(anonymous_15)
FN:274,(anonymous_16)
FN:291,(anonymous_17)
FN:318,(anonymous_18)
FN:319,(anonymous_19)
FN:327,(anonymous_20)
FN:339,(anonymous_21)
FN:392,(anonymous_22)
FN:397,(anonymous_23)
FN:412,(anonymous_24)
FN:423,(anonymous_25)
FN:441,(anonymous_26)
FN:446,(anonymous_27)
FN:461,(anonymous_28)
FN:472,(anonymous_29)
FN:491,(anonymous_30)
FN:511,(anonymous_31)
FN:543,(anonymous_32)
FNF:33
FNH:6
FNDA:8,formatDate
FNDA:8,formatTime
FNDA:4,AddTask
FNDA:1,(anonymous_3)
FNDA:1,(anonymous_4)
FNDA:0,(anonymous_5)
FNDA:1,(anonymous_6)
FNDA:0,(anonymous_7)
FNDA:0,(anonymous_8)
FNDA:0,(anonymous_9)
FNDA:0,(anonymous_10)
FNDA:0,(anonymous_11)
FNDA:0,(anonymous_12)
FNDA:0,(anonymous_13)
FNDA:0,(anonymous_14)
FNDA:0,(anonymous_15)
FNDA:0,(anonymous_16)
FNDA:0,(anonymous_17)
FNDA:0,(anonymous_18)
FNDA:0,(anonymous_19)
FNDA:0,(anonymous_20)
FNDA:0,(anonymous_21)
FNDA:0,(anonymous_22)
FNDA:0,(anonymous_23)
FNDA:0,(anonymous_24)
FNDA:0,(anonymous_25)
FNDA:0,(anonymous_26)
FNDA:0,(anonymous_27)
FNDA:0,(anonymous_28)
FNDA:0,(anonymous_29)
FNDA:0,(anonymous_30)
FNDA:0,(anonymous_31)
FNDA:0,(anonymous_32)
DA:34,2
DA:43,2
DA:52,2
DA:55,8
DA:56,8
DA:57,8
DA:58,8
DA:62,8
DA:63,8
DA:64,8
DA:65,8
DA:66,8
DA:70,4
DA:71,4
DA:72,4
DA:74,4
DA:75,4
DA:76,4
DA:77,4
DA:78,4
DA:79,4
DA:80,4
DA:81,4
DA:82,4
DA:83,4
DA:84,4
DA:85,4
DA:86,4
DA:87,4
DA:90,4
DA:93,4
DA:94,4
DA:95,4
DA:96,4
DA:98,4
DA:99,1
DA:100,1
DA:101,1
DA:102,1
DA:103,0
DA:109,1
DA:110,0
DA:116,4
DA:117,1
DA:118,0
DA:120,1
DA:121,0
DA:122,0
DA:123,0
DA:124,0
DA:129,4
DA:131,4
DA:132,0
DA:133,0
DA:134,0
DA:135,0
DA:136,0
DA:137,0
DA:141,0
DA:142,0
DA:147,0
DA:148,0
DA:149,0
DA:152,0
DA:155,0
DA:156,0
DA:157,0
DA:161,0
DA:163,0
DA:164,0
DA:165,0
DA:166,0
DA:170,4
DA:172,4
DA:173,4
DA:174,4
DA:176,4
DA:177,0
DA:178,0
DA:179,0
DA:181,0
DA:182,0
DA:186,0
DA:188,0
DA:189,0
DA:193,0
DA:195,0
DA:196,0
DA:197,0
DA:205,0
DA:206,0
DA:207,0
DA:208,0
DA:209,0
DA:211,0
DA:214,0
DA:216,0
DA:220,4
DA:224,0
DA:231,0
DA:253,0
DA:269,0
DA:270,0
DA:275,0
DA:276,0
DA:277,0
DA:291,0
DA:318,0
DA:320,0
DA:327,0
DA:340,0
DA:341,0
DA:392,0
DA:397,0
DA:413,0
DA:414,0
DA:424,0
DA:425,0
DA:426,0
DA:427,0
DA:428,0
DA:441,0
DA:446,0
DA:462,0
DA:463,0
DA:473,0
DA:474,0
DA:475,0
DA:476,0
DA:477,0
DA:492,0
DA:512,0
DA:545,0
DA:550,0
DA:551,0
DA:600,2
LF:136
LH:52
BRDA:64,0,0,8
BRDA:64,0,1,0
BRDA:65,1,0,8
BRDA:65,1,1,8
BRDA:99,2,0,0
BRDA:99,2,1,1
BRDA:101,3,0,1
BRDA:101,3,1,0
BRDA:106,4,0,0
BRDA:106,4,1,0
BRDA:106,5,0,0
BRDA:106,5,1,0
BRDA:109,6,0,0
BRDA:109,6,1,1
BRDA:117,7,0,0
BRDA:117,7,1,1
BRDA:120,8,0,0
BRDA:120,8,1,1
BRDA:124,9,0,0
BRDA:124,9,1,0
BRDA:124,9,2,0
BRDA:133,10,0,0
BRDA:133,10,1,0
BRDA:134,11,0,0
BRDA:134,11,1,0
BRDA:139,12,0,0
BRDA:139,12,1,0
BRDA:141,13,0,0
BRDA:141,13,1,0
BRDA:173,14,0,4
BRDA:173,14,1,4
BRDA:173,15,0,4
BRDA:173,15,1,4
BRDA:174,16,0,4
BRDA:174,16,1,4
BRDA:177,17,0,0
BRDA:177,17,1,0
BRDA:181,18,0,0
BRDA:181,18,1,0
BRDA:188,19,0,0
BRDA:188,19,1,0
BRDA:205,20,0,0
BRDA:205,20,1,0
BRDA:206,21,0,0
BRDA:206,21,1,0
BRDA:208,22,0,0
BRDA:208,22,1,0
BRDA:211,23,0,0
BRDA:211,23,1,0
BRDA:214,24,0,0
BRDA:214,24,1,0
BRDA:235,25,0,4
BRDA:235,25,1,0
BRDA:238,26,0,0
BRDA:238,26,1,0
BRDA:265,27,0,4
BRDA:265,27,1,0
BRDA:269,28,0,0
BRDA:269,28,1,0
BRDA:269,29,0,0
BRDA:269,29,1,0
BRDA:288,30,0,0
BRDA:288,30,1,0
BRDA:324,31,0,0
BRDA:324,31,1,0
BRDA:331,32,0,0
BRDA:331,32,1,0
BRDA:407,33,0,4
BRDA:407,33,1,0
BRDA:414,34,0,0
BRDA:414,34,1,0
BRDA:418,35,0,4
BRDA:418,35,1,0
BRDA:425,36,0,0
BRDA:425,36,1,0
BRDA:456,37,0,4
BRDA:456,37,1,0
BRDA:463,38,0,0
BRDA:463,38,1,0
BRDA:467,39,0,4
BRDA:467,39,1,0
BRDA:474,40,0,0
BRDA:474,40,1,0
BRDA:499,41,0,0
BRDA:499,41,1,4
BRDA:508,42,0,4
BRDA:508,42,1,4
BRDA:523,43,0,4
BRDA:523,43,1,0
BRDA:528,44,0,4
BRDA:528,44,1,4
BRDA:536,45,0,0
BRDA:536,45,1,4
BRDA:541,46,0,0
BRDA:541,46,1,4
BRDA:545,47,0,0
BRDA:545,47,1,0
BRDA:545,47,2,0
BRDA:545,47,3,0
BRDA:545,47,4,0
BRDA:553,48,0,0
BRDA:553,48,1,0
BRDA:553,48,2,0
BRDA:587,49,0,4
BRDA:587,49,1,0
BRDA:592,50,0,0
BRDA:592,50,1,4
BRF:107
BRH:30
end_of_record
TN:
SF:screens\organizer\CreateEvent.tsx
FN:31,StepIndicator
FN:55,StepRow
FN:71,CreateEvent
FN:90,(anonymous_3)
FN:96,(anonymous_4)
FN:99,(anonymous_5)
FN:102,(anonymous_6)
FN:102,(anonymous_7)
FN:103,(anonymous_8)
FN:108,(anonymous_9)
FN:109,(anonymous_10)
FN:111,(anonymous_11)
FN:113,(anonymous_12)
FN:121,(anonymous_13)
FN:128,(anonymous_14)
FN:133,(anonymous_15)
FN:138,(anonymous_16)
FN:149,(anonymous_17)
FN:154,(anonymous_18)
FN:248,(anonymous_19)
FN:263,(anonymous_20)
FN:359,(anonymous_21)
FN:362,(anonymous_22)
FN:374,(anonymous_23)
FN:393,(anonymous_24)
FN:399,(anonymous_25)
FNF:26
FNH:4
FNDA:3,StepIndicator
FNDA:1,StepRow
FNDA:3,CreateEvent
FNDA:0,(anonymous_3)
FNDA:0,(anonymous_4)
FNDA:0,(anonymous_5)
FNDA:0,(anonymous_6)
FNDA:0,(anonymous_7)
FNDA:0,(anonymous_8)
FNDA:0,(anonymous_9)
FNDA:0,(anonymous_10)
FNDA:0,(anonymous_11)
FNDA:0,(anonymous_12)
FNDA:6,(anonymous_13)
FNDA:0,(anonymous_14)
FNDA:0,(anonymous_15)
FNDA:0,(anonymous_16)
FNDA:0,(anonymous_17)
FNDA:0,(anonymous_18)
FNDA:0,(anonymous_19)
FNDA:0,(anonymous_20)
FNDA:0,(anonymous_21)
FNDA:0,(anonymous_22)
FNDA:0,(anonymous_23)
FNDA:0,(anonymous_24)
FNDA:0,(anonymous_25)
DA:29,2
DA:32,3
DA:33,3
DA:34,3
DA:56,1
DA:72,3
DA:73,3
DA:74,3
DA:75,3
DA:76,3
DA:77,3
DA:78,3
DA:79,3
DA:80,3
DA:81,3
DA:85,3
DA:86,3
DA:87,3
DA:88,3
DA:90,3
DA:91,0
DA:92,0
DA:93,0
DA:96,3
DA:97,0
DA:99,0
DA:101,0
DA:102,0
DA:103,0
DA:104,0
DA:105,0
DA:108,3
DA:109,0
DA:111,3
DA:112,0
DA:114,0
DA:115,0
DA:116,0
DA:121,3
DA:122,6
DA:123,6
DA:124,6
DA:125,6
DA:128,3
DA:129,0
DA:130,0
DA:133,3
DA:134,0
DA:135,0
DA:138,3
DA:139,0
DA:144,0
DA:145,0
DA:149,3
DA:150,0
DA:151,0
DA:154,3
DA:155,0
DA:156,0
DA:157,0
DA:158,0
DA:159,0
DA:161,0
DA:162,0
DA:163,0
DA:166,0
DA:167,0
DA:168,0
DA:174,0
DA:175,0
DA:176,0
DA:177,0
DA:180,0
DA:181,0
DA:182,0
DA:183,0
DA:188,0
DA:189,0
DA:190,0
DA:191,0
DA:198,0
DA:199,0
DA:200,0
DA:208,0
DA:210,0
DA:212,0
DA:217,3
DA:248,0
DA:263,0
DA:360,0
DA:362,0
DA:375,0
DA:393,0
DA:399,0
DA:454,2
LF:95
LH:35
BRDA:38,0,0,1
BRDA:38,0,1,2
BRDA:38,1,0,3
BRDA:38,1,1,2
BRDA:46,2,0,1
BRDA:46,2,1,2
BRDA:46,3,0,3
BRDA:46,3,1,2
BRDA:91,4,0,0
BRDA:91,4,1,0
BRDA:92,5,0,0
BRDA:92,5,1,0
BRDA:104,6,0,0
BRDA:104,6,1,0
BRDA:114,7,0,0
BRDA:114,7,1,0
BRDA:130,8,0,0
BRDA:130,8,1,0
BRDA:135,9,0,0
BRDA:135,9,1,0
BRDA:144,10,0,0
BRDA:144,10,1,0
BRDA:150,11,0,0
BRDA:150,11,1,0
BRDA:156,12,0,0
BRDA:156,12,1,0
BRDA:157,13,0,0
BRDA:157,13,1,0
BRDA:162,14,0,0
BRDA:162,14,1,0
BRDA:174,15,0,0
BRDA:174,15,1,0
BRDA:175,16,0,0
BRDA:175,16,1,0
BRDA:176,17,0,0
BRDA:176,17,1,0
BRDA:180,18,0,0
BRDA:180,18,1,0
BRDA:189,19,0,0
BRDA:189,19,1,0
BRDA:190,20,0,0
BRDA:190,20,1,0
BRDA:236,21,0,3
BRDA:236,21,1,3
BRDA:252,22,0,3
BRDA:252,22,1,0
BRDA:267,23,0,3
BRDA:267,23,1,0
BRDA:290,24,0,3
BRDA:290,24,1,0
BRDA:299,25,0,0
BRDA:299,25,1,0
BRDA:317,26,0,3
BRDA:317,26,1,0
BRDA:357,27,0,0
BRDA:357,27,1,0
BRDA:419,28,0,0
BRDA:419,28,1,3
BRDA:441,29,0,3
BRDA:441,29,1,0
BRDA:446,30,0,0
BRDA:446,30,1,3
BRDA:446,31,0,0
BRDA:446,31,1,3
BRF:64
BRH:18
end_of_record
TN:
SF:screens\organizer\EventDetailScreen.tsx
FN:17,BigCircularProgress
FN:67,EventDetailScreen
FN:74,(anonymous_2)
FN:84,(anonymous_3)
FN:90,(anonymous_4)
FN:91,(anonymous_5)
FN:103,(anonymous_6)
FN:122,(anonymous_7)
FN:134,(anonymous_8)
FN:138,(anonymous_9)
FNF:10
FNH:5
FNDA:7,BigCircularProgress
FNDA:7,EventDetailScreen
FNDA:2,(anonymous_2)
FNDA:2,(anonymous_3)
FNDA:0,(anonymous_4)
FNDA:2,(anonymous_5)
FNDA:0,(anonymous_6)
FNDA:0,(anonymous_7)
FNDA:0,(anonymous_8)
FNDA:0,(anonymous_9)
DA:18,7
DA:19,7
DA:20,7
DA:21,7
DA:22,7
DA:24,7
DA:68,7
DA:69,7
DA:70,7
DA:71,7
DA:73,7
DA:75,2
DA:76,0
DA:77,0
DA:79,2
DA:80,2
DA:85,2
DA:87,2
DA:88,2
DA:90,0
DA:91,2
DA:95,7
DA:103,0
DA:122,0
DA:135,0
DA:139,0
DA:187,3
LF:27
LH:20
BRDA:68,0,0,7
BRDA:68,0,1,0
BRDA:75,1,0,0
BRDA:75,1,1,2
BRDA:85,2,0,2
BRDA:85,2,1,0
BRDA:87,3,0,2
BRDA:87,3,1,0
BRDA:87,3,2,0
BRDA:110,4,0,7
BRDA:110,4,1,6
BRDA:128,5,0,5
BRDA:128,5,1,2
BRDA:131,6,0,5
BRDA:131,6,1,2
BRDA:134,7,0,2
BRDA:134,7,1,2
BRDA:150,8,0,0
BRDA:150,8,1,0
BRDA:159,9,0,0
BRDA:159,9,1,0
BRDA:165,10,0,0
BRDA:165,10,1,0
BRF:23
BRH:12
end_of_record
TN:
SF:screens\organizer\EventsTasks.tsx
FN:41,(anonymous_0)
FN:109,formatTaskTime
FN:123,EventsTasksOrg
FN:146,(anonymous_3)
FN:155,(anonymous_4)
FN:163,(anonymous_5)
FN:167,(anonymous_6)
FN:168,(anonymous_7)
FN:172,(anonymous_8)
FN:177,(anonymous_9)
FN:181,(anonymous_10)
FN:182,(anonymous_11)
FN:186,(anonymous_12)
FN:192,(anonymous_13)
FN:205,(anonymous_14)
FN:208,(anonymous_15)
FN:222,(anonymous_16)
FN:233,(anonymous_17)
FN:260,(anonymous_18)
FN:267,(anonymous_19)
FN:289,(anonymous_20)
FN:295,(anonymous_21)
FN:311,(anonymous_22)
FN:318,(anonymous_23)
FN:348,(anonymous_24)
FN:360,(anonymous_25)
FN:364,(anonymous_26)
FN:388,(anonymous_27)
FN:398,(anonymous_28)
FN:433,(anonymous_29)
FNF:30
FNH:12
FNDA:3,(anonymous_0)
FNDA:0,formatTaskTime
FNDA:9,EventsTasksOrg
FNDA:0,(anonymous_3)
FNDA:5,(anonymous_4)
FNDA:5,(anonymous_5)
FNDA:0,(anonymous_6)
FNDA:5,(anonymous_7)
FNDA:2,(anonymous_8)
FNDA:2,(anonymous_9)
FNDA:0,(anonymous_10)
FNDA:2,(anonymous_11)
FNDA:0,(anonymous_12)
FNDA:0,(anonymous_13)
FNDA:0,(anonymous_14)
FNDA:0,(anonymous_15)
FNDA:90,(anonymous_16)
FNDA:0,(anonymous_17)
FNDA:0,(anonymous_18)
FNDA:0,(anonymous_19)
FNDA:117,(anonymous_20)
FNDA:22,(anonymous_21)
FNDA:45,(anonymous_22)
FNDA:0,(anonymous_23)
FNDA:0,(anonymous_24)
FNDA:0,(anonymous_25)
FNDA:0,(anonymous_26)
FNDA:0,(anonymous_27)
FNDA:0,(anonymous_28)
FNDA:0,(anonymous_29)
DA:39,3
DA:41,3
DA:49,3
DA:50,3
DA:51,3
DA:52,3
DA:66,3
DA:67,183
DA:68,183
DA:69,183
DA:78,3
DA:81,3
DA:82,3
DA:84,3
DA:93,3
DA:100,3
DA:107,3
DA:110,0
DA:111,0
DA:112,0
DA:113,0
DA:114,0
DA:115,0
DA:116,0
DA:130,9
DA:131,9
DA:132,9
DA:133,9
DA:134,9
DA:135,9
DA:136,9
DA:137,9
DA:138,9
DA:139,9
DA:141,9
DA:144,9
DA:146,9
DA:147,0
DA:148,0
DA:149,0
DA:155,9
DA:156,5
DA:163,9
DA:164,5
DA:165,5
DA:166,5
DA:167,5
DA:168,5
DA:171,9
DA:173,2
DA:174,2
DA:175,2
DA:178,2
DA:179,2
DA:181,0
DA:182,2
DA:186,9
DA:187,0
DA:188,0
DA:191,9
DA:192,9
DA:202,9
DA:205,0
DA:208,9
DA:210,0
DA:212,0
DA:213,0
DA:216,0
DA:219,0
DA:222,9
DA:229,90
DA:230,90
DA:233,0
DA:249,9
DA:260,0
DA:267,0
DA:289,117
DA:295,22
DA:312,45
DA:318,0
DA:348,0
DA:361,0
DA:365,0
DA:366,0
DA:389,0
DA:393,0
DA:399,0
DA:433,0
DA:442,3
LF:89
LH:58
BRDA:110,0,0,0
BRDA:110,0,1,0
BRDA:114,1,0,0
BRDA:114,1,1,0
BRDA:115,2,0,0
BRDA:115,2,1,0
BRDA:164,3,0,0
BRDA:164,3,1,5
BRDA:173,4,0,0
BRDA:173,4,1,2
BRDA:178,5,0,2
BRDA:178,5,1,0
BRDA:179,6,0,2
BRDA:179,6,1,0
BRDA:194,7,0,0
BRDA:194,7,1,0
BRDA:196,8,0,0
BRDA:196,8,1,0
BRDA:198,9,0,0
BRDA:198,9,1,0
BRDA:198,10,0,0
BRDA:198,10,1,0
BRDA:210,11,0,0
BRDA:210,11,1,0
BRDA:212,12,0,0
BRDA:212,12,1,0
BRDA:216,13,0,0
BRDA:216,13,1,0
BRDA:219,14,0,0
BRDA:219,14,1,0
BRDA:219,14,2,0
BRDA:232,15,0,90
BRDA:232,15,1,0
BRDA:235,16,0,90
BRDA:235,16,1,0
BRDA:238,17,0,90
BRDA:238,17,1,0
BRDA:241,18,0,90
BRDA:241,18,1,0
BRDA:244,19,0,90
BRDA:244,19,1,0
BRDA:244,19,2,0
BRDA:271,20,0,9
BRDA:271,20,1,0
BRDA:274,21,0,0
BRDA:274,21,1,0
BRDA:316,22,0,45
BRDA:316,22,1,9
BRDA:323,23,0,45
BRDA:323,23,1,9
BRDA:358,24,0,9
BRDA:358,24,1,0
BRDA:372,25,0,0
BRDA:372,25,1,0
BRDA:389,26,0,0
BRDA:389,26,1,0
BRF:56
BRH:15
end_of_record
TN:
SF:screens\organizer\MemberList.tsx
FN:39,(anonymous_0)
FN:44,(anonymous_1)
FN:50,MemberList
FN:82,(anonymous_3)
FN:98,(anonymous_4)
FN:102,(anonymous_5)
FN:110,(anonymous_6)
FN:121,(anonymous_7)
FN:124,(anonymous_8)
FN:128,(anonymous_9)
FN:131,(anonymous_10)
FN:137,(anonymous_11)
FN:173,(anonymous_12)
FN:183,(anonymous_13)
FN:196,(anonymous_14)
FN:204,(anonymous_15)
FN:206,(anonymous_16)
FN:215,(anonymous_17)
FN:220,(anonymous_18)
FN:224,(anonymous_19)
FN:227,(anonymous_20)
FN:239,(anonymous_21)
FN:242,(anonymous_22)
FN:245,(anonymous_23)
FN:245,(anonymous_24)
FN:246,(anonymous_25)
FN:251,(anonymous_26)
FN:252,(anonymous_27)
FN:254,(anonymous_28)
FN:256,(anonymous_29)
FN:264,(anonymous_30)
FN:265,(anonymous_31)
FN:267,(anonymous_32)
FN:272,(anonymous_33)
FN:273,(anonymous_34)
FN:280,(anonymous_35)
FN:298,(anonymous_36)
FN:308,(anonymous_37)
FN:335,(anonymous_38)
FN:342,(anonymous_39)
FN:384,(anonymous_40)
FN:399,(anonymous_41)
FN:436,(anonymous_42)
FN:446,(anonymous_43)
FN:484,(anonymous_44)
FN:497,(anonymous_45)
FN:528,(anonymous_46)
FN:534,(anonymous_47)
FN:535,(anonymous_48)
FN:586,(anonymous_49)
FN:632,(anonymous_50)
FN:636,(anonymous_51)
FN:651,(anonymous_52)
FN:671,(anonymous_53)
FN:677,(anonymous_54)
FNF:55
FNH:7
FNDA:0,(anonymous_0)
FNDA:0,(anonymous_1)
FNDA:12,MemberList
FNDA:0,(anonymous_3)
FNDA:5,(anonymous_4)
FNDA:0,(anonymous_5)
FNDA:2,(anonymous_6)
FNDA:2,(anonymous_7)
FNDA:0,(anonymous_8)
FNDA:2,(anonymous_9)
FNDA:2,(anonymous_10)
FNDA:0,(anonymous_11)
FNDA:0,(anonymous_12)
FNDA:0,(anonymous_13)
FNDA:0,(anonymous_14)
FNDA:0,(anonymous_15)
FNDA:0,(anonymous_16)
FNDA:0,(anonymous_17)
FNDA:0,(anonymous_18)
FNDA:0,(anonymous_19)
FNDA:0,(anonymous_20)
FNDA:0,(anonymous_21)
FNDA:0,(anonymous_22)
FNDA:0,(anonymous_23)
FNDA:0,(anonymous_24)
FNDA:0,(anonymous_25)
FNDA:0,(anonymous_26)
FNDA:0,(anonymous_27)
FNDA:0,(anonymous_28)
FNDA:0,(anonymous_29)
FNDA:0,(anonymous_30)
FNDA:0,(anonymous_31)
FNDA:0,(anonymous_32)
FNDA:0,(anonymous_33)
FNDA:0,(anonymous_34)
FNDA:0,(anonymous_35)
FNDA:0,(anonymous_36)
FNDA:0,(anonymous_37)
FNDA:36,(anonymous_38)
FNDA:0,(anonymous_39)
FNDA:0,(anonymous_40)
FNDA:0,(anonymous_41)
FNDA:0,(anonymous_42)
FNDA:0,(anonymous_43)
FNDA:0,(anonymous_44)
FNDA:0,(anonymous_45)
FNDA:0,(anonymous_46)
FNDA:0,(anonymous_47)
FNDA:0,(anonymous_48)
FNDA:0,(anonymous_49)
FNDA:0,(anonymous_50)
FNDA:0,(anonymous_51)
FNDA:0,(anonymous_52)
FNDA:0,(anonymous_53)
FNDA:0,(anonymous_54)
DA:32,3
DA:33,3
DA:34,3
DA:39,3
DA:40,0
DA:41,0
DA:44,3
DA:45,0
DA:46,0
DA:47,0
DA:51,12
DA:52,12
DA:53,12
DA:54,12
DA:55,12
DA:56,12
DA:57,12
DA:58,12
DA:59,12
DA:60,12
DA:61,12
DA:62,12
DA:67,12
DA:69,12
DA:70,12
DA:71,12
DA:72,12
DA:73,12
DA:74,12
DA:77,12
DA:79,12
DA:80,12
DA:82,12
DA:83,0
DA:84,0
DA:85,0
DA:86,0
DA:87,0
DA:88,0
DA:90,0
DA:91,0
DA:93,0
DA:98,12
DA:99,5
DA:100,5
DA:101,0
DA:102,0
DA:105,5
DA:109,12
DA:111,2
DA:112,0
DA:113,0
DA:116,2
DA:117,2
DA:118,2
DA:119,2
DA:122,2
DA:125,0
DA:126,0
DA:129,2
DA:131,2
DA:132,2
DA:137,12
DA:138,0
DA:139,0
DA:140,0
DA:142,0
DA:143,0
DA:144,0
DA:146,0
DA:151,0
DA:156,0
DA:157,0
DA:160,0
DA:161,0
DA:162,0
DA:164,0
DA:169,0
DA:173,12
DA:174,0
DA:175,0
DA:184,0
DA:185,0
DA:186,0
DA:188,0
DA:196,12
DA:197,0
DA:198,0
DA:199,0
DA:200,0
DA:201,0
DA:202,0
DA:203,0
DA:204,0
DA:205,0
DA:206,0
DA:208,0
DA:211,0
DA:215,12
DA:216,0
DA:217,0
DA:218,0
DA:219,0
DA:220,0
DA:222,0
DA:223,0
DA:224,0
DA:225,0
DA:227,0
DA:228,0
DA:231,0
DA:233,0
DA:235,0
DA:239,12
DA:240,0
DA:242,0
DA:244,0
DA:245,0
DA:246,0
DA:247,0
DA:248,0
DA:251,12
DA:252,0
DA:254,12
DA:255,0
DA:257,0
DA:258,0
DA:259,0
DA:264,12
DA:265,0
DA:266,0
DA:267,0
DA:272,12
DA:273,0
DA:274,0
DA:275,0
DA:277,0
DA:280,12
DA:281,0
DA:283,0
DA:284,0
DA:285,0
DA:286,0
DA:289,12
DA:298,0
DA:308,0
DA:336,36
DA:342,0
DA:385,0
DA:386,0
DA:390,0
DA:392,0
DA:393,0
DA:394,0
DA:399,0
DA:436,0
DA:447,0
DA:448,0
DA:449,0
DA:450,0
DA:484,0
DA:497,0
DA:529,0
DA:530,0
DA:535,0
DA:586,0
DA:633,0
DA:636,0
DA:652,0
DA:671,0
DA:677,0
DA:714,3
LF:172
LH:55
BRDA:40,0,0,0
BRDA:40,0,1,0
BRDA:45,1,0,0
BRDA:45,1,1,0
BRDA:46,2,0,0
BRDA:46,2,1,0
BRDA:52,3,0,12
BRDA:52,3,1,0
BRDA:87,4,0,0
BRDA:87,4,1,0
BRDA:88,5,0,0
BRDA:88,5,1,0
BRDA:100,6,0,0
BRDA:100,6,1,5
BRDA:100,7,0,5
BRDA:100,7,1,0
BRDA:102,8,0,0
BRDA:102,8,1,0
BRDA:102,8,2,0
BRDA:102,8,3,0
BRDA:111,9,0,0
BRDA:111,9,1,2
BRDA:122,10,0,2
BRDA:122,10,1,0
BRDA:122,11,0,2
BRDA:122,11,1,1
BRDA:122,12,0,2
BRDA:122,12,1,0
BRDA:126,13,0,0
BRDA:126,13,1,0
BRDA:129,14,0,2
BRDA:129,14,1,0
BRDA:138,15,0,0
BRDA:138,15,1,0
BRDA:138,16,0,0
BRDA:138,16,1,0
BRDA:146,17,0,0
BRDA:146,17,1,0
BRDA:148,18,0,0
BRDA:148,18,1,0
BRDA:156,19,0,0
BRDA:156,19,1,0
BRDA:157,20,0,0
BRDA:157,20,1,0
BRDA:166,21,0,0
BRDA:166,21,1,0
BRDA:174,22,0,0
BRDA:174,22,1,0
BRDA:197,23,0,0
BRDA:197,23,1,0
BRDA:201,24,0,0
BRDA:201,24,1,0
BRDA:201,24,2,0
BRDA:202,25,0,0
BRDA:202,25,1,0
BRDA:204,26,0,0
BRDA:204,26,1,0
BRDA:205,27,0,0
BRDA:205,27,1,0
BRDA:206,28,0,0
BRDA:206,28,1,0
BRDA:219,29,0,0
BRDA:219,29,1,0
BRDA:220,30,0,0
BRDA:220,30,1,0
BRDA:223,31,0,0
BRDA:223,31,1,0
BRDA:224,32,0,0
BRDA:224,32,1,0
BRDA:224,33,0,0
BRDA:224,33,1,0
BRDA:225,34,0,0
BRDA:225,34,1,0
BRDA:247,35,0,0
BRDA:247,35,1,0
BRDA:257,36,0,0
BRDA:257,36,1,0
BRDA:266,37,0,0
BRDA:266,37,1,0
BRDA:274,38,0,0
BRDA:274,38,1,0
BRDA:283,39,0,0
BRDA:283,39,1,0
BRDA:284,40,0,0
BRDA:284,40,1,0
BRDA:284,40,2,0
BRDA:286,41,0,0
BRDA:286,41,1,0
BRDA:311,42,0,12
BRDA:311,42,1,0
BRDA:314,43,0,0
BRDA:314,43,1,0
BRDA:340,44,0,36
BRDA:340,44,1,12
BRDA:348,45,0,36
BRDA:348,45,1,12
BRDA:362,46,0,10
BRDA:362,46,1,2
BRDA:364,47,0,0
BRDA:364,47,1,2
BRDA:386,48,0,0
BRDA:386,48,1,0
BRDA:390,49,0,0
BRDA:390,49,1,0
BRDA:392,50,0,0
BRDA:392,50,1,0
BRDA:392,50,2,0
BRDA:395,51,0,0
BRDA:395,51,1,0
BRDA:397,52,0,0
BRDA:397,52,1,0
BRDA:397,52,2,0
BRDA:405,53,0,0
BRDA:405,53,1,0
BRDA:409,54,0,0
BRDA:409,54,1,0
BRDA:434,55,0,0
BRDA:434,55,1,0
BRDA:443,56,0,0
BRDA:443,56,1,0
BRDA:443,56,2,0
BRDA:464,57,0,0
BRDA:464,57,1,12
BRDA:468,58,0,0
BRDA:468,58,1,0
BRDA:475,59,0,0
BRDA:475,59,1,0
BRDA:507,60,0,0
BRDA:507,60,1,12
BRDA:512,61,0,12
BRDA:512,61,1,0
BRDA:544,62,0,0
BRDA:544,62,1,0
BRDA:547,63,0,0
BRDA:547,63,1,0
BRDA:551,64,0,0
BRDA:551,64,1,0
BRDA:563,65,0,12
BRDA:563,65,1,0
BRDA:568,66,0,0
BRDA:568,66,1,12
BRDA:578,67,0,12
BRDA:578,67,1,0
BRDA:579,68,0,12
BRDA:579,68,1,0
BRDA:630,69,0,12
BRDA:630,69,1,0
BRDA:646,70,0,12
BRDA:646,70,1,0
BRDA:699,71,0,12
BRDA:699,71,1,0
BRDA:704,72,0,0
BRDA:704,72,1,12
BRF:153
BRH:28
end_of_record
TN:
SF:screens\organizer\TaskDetail.tsx
FN:59,findGroupKey
FN:65,(anonymous_1)
FN:70,(anonymous_2)
FN:79,(anonymous_3)
FN:86,getGroupDisplayName
FN:94,parseDate
FN:102,formatDate
FN:109,formatTime
FN:117,TaskDetailScreen
FN:130,(anonymous_9)
FN:173,(anonymous_10)
FN:178,(anonymous_11)
FN:191,(anonymous_12)
FN:210,(anonymous_13)
FN:213,(anonymous_14)
FN:217,(anonymous_15)
FN:224,(anonymous_16)
FN:233,(anonymous_17)
FN:234,(anonymous_18)
FN:236,(anonymous_19)
FN:241,(anonymous_20)
FN:257,(anonymous_21)
FN:265,(anonymous_22)
FN:287,(anonymous_23)
FN:294,(anonymous_24)
FN:307,(anonymous_25)
FN:310,(anonymous_26)
FN:326,(anonymous_27)
FN:347,(anonymous_28)
FN:367,(anonymous_29)
FN:374,(anonymous_30)
FN:393,(anonymous_31)
FN:421,(anonymous_32)
FN:422,(anonymous_33)
FN:430,(anonymous_34)
FN:445,(anonymous_35)
FN:493,(anonymous_36)
FN:499,(anonymous_37)
FN:517,(anonymous_38)
FN:531,(anonymous_39)
FN:554,(anonymous_40)
FN:560,(anonymous_41)
FN:578,(anonymous_42)
FN:592,(anonymous_43)
FN:616,(anonymous_44)
FN:639,(anonymous_45)
FN:670,(anonymous_46)
FN:690,(anonymous_47)
FN:699,(anonymous_48)
FN:717,(anonymous_49)
FNF:50
FNH:8
FNDA:1,findGroupKey
FNDA:0,(anonymous_1)
FNDA:0,(anonymous_2)
FNDA:0,(anonymous_3)
FNDA:6,getGroupDisplayName
FNDA:0,parseDate
FNDA:8,formatDate
FNDA:8,formatTime
FNDA:5,TaskDetailScreen
FNDA:0,(anonymous_9)
FNDA:1,(anonymous_10)
FNDA:1,(anonymous_11)
FNDA:0,(anonymous_12)
FNDA:0,(anonymous_13)
FNDA:1,(anonymous_14)
FNDA:0,(anonymous_15)
FNDA:0,(anonymous_16)
FNDA:0,(anonymous_17)
FNDA:0,(anonymous_18)
FNDA:0,(anonymous_19)
FNDA:0,(anonymous_20)
FNDA:0,(anonymous_21)
FNDA:0,(anonymous_22)
FNDA:0,(anonymous_23)
FNDA:0,(anonymous_24)
FNDA:0,(anonymous_25)
FNDA:0,(anonymous_26)
FNDA:0,(anonymous_27)
FNDA:0,(anonymous_28)
FNDA:0,(anonymous_29)
FNDA:0,(anonymous_30)
FNDA:0,(anonymous_31)
FNDA:0,(anonymous_32)
FNDA:0,(anonymous_33)
FNDA:0,(anonymous_34)
FNDA:0,(anonymous_35)
FNDA:0,(anonymous_36)
FNDA:0,(anonymous_37)
FNDA:0,(anonymous_38)
FNDA:0,(anonymous_39)
FNDA:0,(anonymous_40)
FNDA:0,(anonymous_41)
FNDA:0,(anonymous_42)
FNDA:0,(anonymous_43)
FNDA:0,(anonymous_44)
FNDA:0,(anonymous_45)
FNDA:0,(anonymous_46)
FNDA:0,(anonymous_47)
FNDA:0,(anonymous_48)
FNDA:0,(anonymous_49)
DA:39,2
DA:41,2
DA:50,2
DA:63,1
DA:64,0
DA:65,0
DA:66,0
DA:68,0
DA:69,0
DA:70,0
DA:76,0
DA:77,0
DA:79,0
DA:83,0
DA:87,6
DA:88,0
DA:89,0
DA:91,0
DA:95,0
DA:96,0
DA:97,0
DA:99,0
DA:103,8
DA:104,8
DA:105,8
DA:106,8
DA:110,8
DA:111,8
DA:112,8
DA:113,8
DA:114,8
DA:118,5
DA:119,5
DA:120,5
DA:122,5
DA:123,5
DA:124,5
DA:129,5
DA:130,0
DA:132,5
DA:133,5
DA:134,5
DA:135,5
DA:136,5
DA:139,5
DA:140,5
DA:141,5
DA:148,5
DA:155,5
DA:156,5
DA:157,5
DA:158,5
DA:159,5
DA:160,5
DA:161,5
DA:162,5
DA:163,5
DA:166,5
DA:170,5
DA:172,5
DA:174,1
DA:175,1
DA:176,1
DA:179,1
DA:180,1
DA:182,1
DA:184,1
DA:186,1
DA:187,0
DA:188,0
DA:189,0
DA:190,0
DA:191,0
DA:197,0
DA:199,0
DA:203,1
DA:204,1
DA:205,1
DA:206,1
DA:207,1
DA:208,1
DA:209,1
DA:210,0
DA:213,1
DA:217,5
DA:218,0
DA:219,0
DA:220,0
DA:221,0
DA:222,0
DA:223,0
DA:224,0
DA:226,0
DA:229,0
DA:233,5
DA:234,0
DA:235,0
DA:236,0
DA:241,5
DA:242,0
DA:243,0
DA:244,0
DA:245,0
DA:249,0
DA:250,0
DA:251,0
DA:252,0
DA:253,0
DA:254,0
DA:257,5
DA:258,0
DA:259,0
DA:260,0
DA:261,0
DA:263,0
DA:264,0
DA:265,0
DA:266,0
DA:267,0
DA:274,0
DA:275,0
DA:276,0
DA:278,0
DA:281,0
DA:283,0
DA:287,5
DA:288,0
DA:289,0
DA:295,0
DA:296,0
DA:297,0
DA:299,0
DA:307,5
DA:310,5
DA:314,5
DA:326,0
DA:347,0
DA:369,0
DA:370,0
DA:375,0
DA:376,0
DA:377,0
DA:393,0
DA:421,0
DA:423,0
DA:430,0
DA:446,0
DA:447,0
DA:493,0
DA:499,0
DA:518,0
DA:519,0
DA:520,0
DA:532,0
DA:533,0
DA:534,0
DA:535,0
DA:541,0
DA:554,0
DA:560,0
DA:579,0
DA:580,0
DA:581,0
DA:593,0
DA:594,0
DA:595,0
DA:596,0
DA:602,0
DA:616,0
DA:640,0
DA:641,0
DA:670,0
DA:691,0
DA:693,0
DA:694,0
DA:695,0
DA:699,0
DA:717,0
DA:730,2
LF:179
LH:67
BRDA:63,0,0,1
BRDA:63,0,1,0
BRDA:64,1,0,0
BRDA:64,1,1,0
BRDA:65,2,0,0
BRDA:65,2,1,0
BRDA:65,3,0,0
BRDA:65,3,1,0
BRDA:68,4,0,0
BRDA:68,4,1,0
BRDA:70,5,0,0
BRDA:70,5,1,0
BRDA:70,5,2,0
BRDA:76,6,0,0
BRDA:76,6,1,0
BRDA:78,7,0,0
BRDA:78,7,1,0
BRDA:79,8,0,0
BRDA:79,8,1,0
BRDA:87,9,0,6
BRDA:87,9,1,0
BRDA:88,10,0,0
BRDA:88,10,1,0
BRDA:89,11,0,0
BRDA:89,11,1,0
BRDA:89,11,2,0
BRDA:96,12,0,0
BRDA:96,12,1,0
BRDA:96,13,0,0
BRDA:96,13,1,0
BRDA:96,13,2,0
BRDA:112,14,0,8
BRDA:112,14,1,0
BRDA:113,15,0,8
BRDA:113,15,1,8
BRDA:125,16,0,0
BRDA:125,16,1,5
BRDA:127,17,0,5
BRDA:127,17,1,5
BRDA:130,18,0,5
BRDA:130,18,1,5
BRDA:130,19,0,0
BRDA:130,19,1,0
BRDA:139,20,0,5
BRDA:139,20,1,5
BRDA:140,21,0,5
BRDA:140,21,1,5
BRDA:142,22,0,0
BRDA:142,22,1,5
BRDA:144,23,0,0
BRDA:144,23,1,5
BRDA:149,24,0,0
BRDA:149,24,1,5
BRDA:151,25,0,0
BRDA:151,25,1,5
BRDA:174,26,0,0
BRDA:174,26,1,1
BRDA:179,27,0,0
BRDA:179,27,1,1
BRDA:182,28,0,0
BRDA:182,28,1,1
BRDA:182,29,0,1
BRDA:182,29,1,1
BRDA:186,30,0,0
BRDA:186,30,1,1
BRDA:190,31,0,0
BRDA:190,31,1,0
BRDA:194,32,0,0
BRDA:194,32,1,0
BRDA:194,33,0,0
BRDA:194,33,1,0
BRDA:203,34,0,1
BRDA:203,34,1,0
BRDA:204,35,0,1
BRDA:204,35,1,1
BRDA:207,36,0,0
BRDA:207,36,1,1
BRDA:208,37,0,0
BRDA:208,37,1,1
BRDA:209,38,0,0
BRDA:209,38,1,1
BRDA:210,39,0,0
BRDA:210,39,1,0
BRDA:218,40,0,0
BRDA:218,40,1,0
BRDA:222,41,0,0
BRDA:222,41,1,0
BRDA:223,42,0,0
BRDA:223,42,1,0
BRDA:235,43,0,0
BRDA:235,43,1,0
BRDA:243,44,0,0
BRDA:243,44,1,0
BRDA:247,45,0,0
BRDA:247,45,1,0
BRDA:258,46,0,0
BRDA:258,46,1,0
BRDA:259,47,0,0
BRDA:259,47,1,0
BRDA:269,48,0,0
BRDA:269,48,1,0
BRDA:269,49,0,0
BRDA:269,49,1,0
BRDA:270,50,0,0
BRDA:270,50,1,0
BRDA:274,51,0,0
BRDA:274,51,1,0
BRDA:274,52,0,0
BRDA:274,52,1,0
BRDA:278,53,0,0
BRDA:278,53,1,0
BRDA:288,54,0,0
BRDA:288,54,1,0
BRDA:307,55,0,5
BRDA:307,55,1,5
BRDA:307,56,0,5
BRDA:307,56,1,5
BRDA:310,57,0,5
BRDA:310,57,1,5
BRDA:310,57,2,5
BRDA:316,58,0,1
BRDA:316,58,1,4
BRDA:365,59,0,4
BRDA:365,59,1,0
BRDA:369,60,0,0
BRDA:369,60,1,0
BRDA:369,61,0,0
BRDA:369,61,1,0
BRDA:390,62,0,0
BRDA:390,62,1,0
BRDA:427,63,0,0
BRDA:427,63,1,0
BRDA:435,64,0,0
BRDA:435,64,1,0
BRDA:511,65,0,4
BRDA:511,65,1,0
BRDA:519,66,0,0
BRDA:519,66,1,0
BRDA:526,67,0,4
BRDA:526,67,1,0
BRDA:533,68,0,0
BRDA:533,68,1,0
BRDA:572,69,0,4
BRDA:572,69,1,0
BRDA:580,70,0,0
BRDA:580,70,1,0
BRDA:587,71,0,4
BRDA:587,71,1,0
BRDA:594,72,0,0
BRDA:594,72,1,0
BRDA:628,73,0,4
BRDA:628,73,1,0
BRDA:652,74,0,4
BRDA:652,74,1,0
BRDA:657,75,0,0
BRDA:657,75,1,4
BRDA:674,76,0,0
BRDA:674,76,1,5
BRDA:679,77,0,5
BRDA:679,77,1,0
BRDA:681,78,0,0
BRDA:681,78,1,5
BRDA:693,79,0,0
BRDA:693,79,1,0
BRDA:693,79,2,0
BRDA:704,80,0,0
BRDA:704,80,1,0
BRDA:707,81,0,0
BRDA:707,81,1,0
BRF:169
BRH:50
end_of_record
TN:
SF:screens\staff\MapList.tsx
FN:27,MapList_Staff
FN:33,(anonymous_1)
FN:35,(anonymous_2)
FN:46,(anonymous_3)
FN:48,(anonymous_4)
FN:64,(anonymous_5)
FN:85,(anonymous_6)
FN:111,(anonymous_7)
FN:116,(anonymous_8)
FNF:9
FNH:1
FNDA:7,MapList_Staff
FNDA:0,(anonymous_1)
FNDA:0,(anonymous_2)
FNDA:0,(anonymous_3)
FNDA:0,(anonymous_4)
FNDA:0,(anonymous_5)
FNDA:0,(anonymous_6)
FNDA:0,(anonymous_7)
FNDA:0,(anonymous_8)
DA:18,1
DA:28,7
DA:29,7
DA:30,7
DA:32,7
DA:34,0
DA:35,0
DA:36,0
DA:37,0
DA:38,0
DA:39,0
DA:40,0
DA:41,0
DA:46,0
DA:47,0
DA:48,0
DA:50,0
DA:56,0
DA:58,0
DA:60,0
DA:63,0
DA:64,0
DA:65,0
DA:70,7
DA:85,0
DA:112,0
DA:117,0
DA:137,1
LF:28
LH:7
BRDA:39,0,0,0
BRDA:39,0,1,0
BRDA:41,1,0,0
BRDA:41,1,1,0
BRDA:42,2,0,0
BRDA:42,2,1,0
BRDA:48,3,0,0
BRDA:48,3,1,0
BRDA:51,4,0,0
BRDA:51,4,1,0
BRDA:51,4,2,0
BRDA:56,5,0,0
BRDA:56,5,1,0
BRDA:60,6,0,0
BRDA:60,6,1,0
BRDA:89,7,0,7
BRDA:89,7,1,0
BRDA:92,8,0,0
BRDA:92,8,1,0
BRDA:103,9,0,7
BRDA:103,9,1,0
BRDA:110,10,0,7
BRDA:110,10,1,7
BRF:23
BRH:4
end_of_record
TN:
SF:screens\staff\MapView.tsx
FN:35,(anonymous_0)
FN:38,pinchDistance
FN:51,MapView_Staff
FN:65,(anonymous_3)
FN:66,(anonymous_4)
FN:69,(anonymous_5)
FN:77,(anonymous_6)
FN:85,(anonymous_7)
FN:89,(anonymous_8)
FN:99,(anonymous_9)
FN:100,(anonymous_10)
FN:102,(anonymous_11)
FN:103,(anonymous_12)
FN:104,(anonymous_13)
FN:109,(anonymous_14)
FN:112,(anonymous_15)
FN:113,(anonymous_16)
FN:118,(anonymous_17)
FN:119,(anonymous_18)
FN:119,(anonymous_19)
FN:121,(anonymous_20)
FN:145,(anonymous_21)
FN:157,(anonymous_22)
FN:165,(anonymous_23)
FN:179,(anonymous_24)
FN:180,(anonymous_25)
FN:182,(anonymous_26)
FN:192,(anonymous_27)
FN:215,(anonymous_28)
FN:218,(anonymous_29)
FN:232,(anonymous_30)
FN:241,(anonymous_31)
FN:290,(anonymous_32)
FN:345,(anonymous_33)
FN:353,(anonymous_34)
FN:371,(anonymous_35)
FNF:36
FNH:1
FNDA:0,(anonymous_0)
FNDA:0,pinchDistance
FNDA:9,MapView_Staff
FNDA:0,(anonymous_3)
FNDA:0,(anonymous_4)
FNDA:0,(anonymous_5)
FNDA:0,(anonymous_6)
FNDA:0,(anonymous_7)
FNDA:0,(anonymous_8)
FNDA:0,(anonymous_9)
FNDA:0,(anonymous_10)
FNDA:0,(anonymous_11)
FNDA:0,(anonymous_12)
FNDA:0,(anonymous_13)
FNDA:0,(anonymous_14)
FNDA:0,(anonymous_15)
FNDA:0,(anonymous_16)
FNDA:0,(anonymous_17)
FNDA:0,(anonymous_18)
FNDA:0,(anonymous_19)
FNDA:0,(anonymous_20)
FNDA:0,(anonymous_21)
FNDA:0,(anonymous_22)
FNDA:0,(anonymous_23)
FNDA:0,(anonymous_24)
FNDA:0,(anonymous_25)
FNDA:0,(anonymous_26)
FNDA:0,(anonymous_27)
FNDA:0,(anonymous_28)
FNDA:0,(anonymous_29)
FNDA:0,(anonymous_30)
FNDA:0,(anonymous_31)
FNDA:0,(anonymous_32)
FNDA:0,(anonymous_33)
FNDA:0,(anonymous_34)
FNDA:0,(anonymous_35)
DA:25,1
DA:26,1
DA:27,1
DA:28,1
DA:29,1
DA:30,1
DA:32,1
DA:33,1
DA:35,1
DA:36,0
DA:39,0
DA:40,0
DA:41,0
DA:44,1
DA:52,9
DA:53,9
DA:54,9
DA:55,9
DA:60,9
DA:61,9
DA:62,9
DA:64,9
DA:65,0
DA:66,0
DA:68,9
DA:70,0
DA:71,0
DA:72,0
DA:78,0
DA:79,0
DA:80,0
DA:81,0
DA:83,0
DA:84,0
DA:85,0
DA:87,0
DA:90,0
DA:95,0
DA:99,0
DA:100,0
DA:101,0
DA:102,0
DA:103,0
DA:104,0
DA:105,0
DA:109,0
DA:110,0
DA:111,0
DA:112,0
DA:113,0
DA:114,0
DA:118,0
DA:119,0
DA:121,0
DA:122,0
DA:123,0
DA:124,0
DA:125,0
DA:130,9
DA:131,9
DA:133,9
DA:134,9
DA:135,9
DA:136,9
DA:138,9
DA:139,9
DA:142,9
DA:143,9
DA:145,9
DA:146,0
DA:147,0
DA:148,0
DA:149,0
DA:150,0
DA:151,0
DA:152,0
DA:153,0
DA:154,0
DA:157,9
DA:158,0
DA:159,0
DA:160,0
DA:162,0
DA:165,9
DA:166,0
DA:167,0
DA:169,0
DA:170,0
DA:177,9
DA:179,0
DA:180,0
DA:184,0
DA:185,0
DA:186,0
DA:187,0
DA:188,0
DA:193,0
DA:194,0
DA:196,0
DA:197,0
DA:198,0
DA:199,0
DA:200,0
DA:201,0
DA:203,0
DA:204,0
DA:205,0
DA:207,0
DA:216,0
DA:219,0
DA:224,9
DA:232,0
DA:241,0
DA:292,0
DA:293,0
DA:294,0
DA:295,0
DA:296,0
DA:345,0
DA:353,0
DA:371,0
DA:380,1
LF:122
LH:35
BRDA:55,0,0,9
BRDA:55,0,1,0
BRDA:65,1,0,9
BRDA:65,1,1,0
BRDA:70,2,0,0
BRDA:70,2,1,0
BRDA:75,3,0,0
BRDA:75,3,1,0
BRDA:78,4,0,0
BRDA:78,4,1,0
BRDA:78,5,0,0
BRDA:78,5,1,0
BRDA:79,6,0,0
BRDA:79,6,1,0
BRDA:80,7,0,0
BRDA:80,7,1,0
BRDA:83,8,0,0
BRDA:83,8,1,0
BRDA:88,9,0,0
BRDA:88,9,1,0
BRDA:90,10,0,0
BRDA:90,10,1,0
BRDA:105,11,0,0
BRDA:105,11,1,0
BRDA:111,12,0,0
BRDA:111,12,1,0
BRDA:114,13,0,0
BRDA:114,13,1,0
BRDA:186,14,0,0
BRDA:186,14,1,0
BRDA:194,15,0,0
BRDA:194,15,1,0
BRDA:196,16,0,0
BRDA:196,16,1,0
BRDA:205,17,0,0
BRDA:205,17,1,0
BRDA:245,18,0,9
BRDA:245,18,1,0
BRDA:248,19,0,0
BRDA:248,19,1,0
BRDA:276,20,0,0
BRDA:276,20,1,9
BRDA:283,21,0,9
BRDA:283,21,1,0
BRDA:292,22,0,0
BRDA:292,22,1,0
BRDA:295,23,0,0
BRDA:295,23,1,0
BRDA:305,24,0,0
BRDA:305,24,1,0
BRDA:308,25,0,0
BRDA:308,25,1,0
BRDA:311,26,0,0
BRDA:311,26,1,0
BRDA:326,27,0,0
BRDA:326,27,1,0
BRF:56
BRH:5
end_of_record
TN:
SF:screens\staff\TaskDetail.tsx
FN:32,(anonymous_0)
FN:56,TaskDetail_Staff
FN:71,(anonymous_2)
FN:76,(anonymous_3)
FN:96,(anonymous_4)
FN:107,(anonymous_5)
FN:108,(anonymous_6)
FN:113,(anonymous_7)
FN:118,(anonymous_8)
FN:121,(anonymous_9)
FN:124,(anonymous_10)
FN:126,(anonymous_11)
FN:130,(anonymous_12)
FN:146,(anonymous_13)
FN:161,(anonymous_14)
FN:177,(anonymous_15)
FN:196,(anonymous_16)
FN:208,(anonymous_17)
FN:242,(anonymous_18)
FN:248,(anonymous_19)
FN:301,(anonymous_20)
FNF:21
FNH:3
FNDA:20,(anonymous_0)
FNDA:10,TaskDetail_Staff
FNDA:0,(anonymous_2)
FNDA:0,(anonymous_3)
FNDA:0,(anonymous_4)
FNDA:0,(anonymous_5)
FNDA:0,(anonymous_6)
FNDA:0,(anonymous_7)
FNDA:0,(anonymous_8)
FNDA:0,(anonymous_9)
FNDA:0,(anonymous_10)
FNDA:0,(anonymous_11)
FNDA:0,(anonymous_12)
FNDA:1,(anonymous_13)
FNDA:0,(anonymous_14)
FNDA:0,(anonymous_15)
FNDA:0,(anonymous_16)
FNDA:0,(anonymous_17)
FNDA:0,(anonymous_18)
FNDA:0,(anonymous_19)
FNDA:0,(anonymous_20)
DA:32,1
DA:33,20
DA:34,0
DA:35,0
DA:49,0
DA:50,0
DA:51,0
DA:52,0
DA:53,0
DA:57,10
DA:58,10
DA:59,10
DA:60,10
DA:62,10
DA:63,10
DA:64,10
DA:65,10
DA:66,10
DA:67,10
DA:68,10
DA:70,10
DA:72,0
DA:73,0
DA:74,0
DA:77,0
DA:78,0
DA:79,0
DA:81,0
DA:82,0
DA:83,0
DA:86,0
DA:87,0
DA:88,0
DA:89,0
DA:90,0
DA:93,0
DA:94,0
DA:95,0
DA:96,0
DA:98,0
DA:100,0
DA:102,0
DA:105,0
DA:107,0
DA:108,0
DA:112,10
DA:114,0
DA:115,0
DA:117,0
DA:118,0
DA:119,0
DA:120,0
DA:121,0
DA:124,0
DA:125,0
DA:126,0
DA:130,0
DA:131,0
DA:132,0
DA:133,0
DA:138,10
DA:139,10
DA:140,10
DA:141,10
DA:142,10
DA:143,10
DA:144,10
DA:146,10
DA:147,1
DA:148,1
DA:149,1
DA:150,1
DA:153,0
DA:155,1
DA:157,1
DA:161,10
DA:162,0
DA:163,0
DA:164,0
DA:165,0
DA:169,0
DA:171,0
DA:173,0
DA:177,10
DA:178,0
DA:179,0
DA:180,0
DA:184,0
DA:186,0
DA:191,0
DA:192,0
DA:196,10
DA:197,0
DA:198,0
DA:199,0
DA:200,0
DA:202,0
DA:203,0
DA:204,0
DA:208,10
DA:209,0
DA:210,0
DA:211,0
DA:212,0
DA:213,0
DA:214,0
DA:219,0
DA:220,0
DA:221,0
DA:222,0
DA:224,0
DA:228,0
DA:230,0
DA:234,10
DA:242,0
DA:248,0
DA:302,0
DA:409,1
LF:118
LH:35
BRDA:33,0,0,20
BRDA:33,0,1,0
BRDA:51,1,0,0
BRDA:51,1,1,0
BRDA:52,2,0,0
BRDA:52,2,1,0
BRDA:60,3,0,10
BRDA:60,3,1,0
BRDA:72,4,0,0
BRDA:72,4,1,0
BRDA:77,5,0,0
BRDA:77,5,1,0
BRDA:81,6,0,0
BRDA:81,6,1,0
BRDA:82,7,0,0
BRDA:82,7,1,0
BRDA:82,7,2,0
BRDA:86,8,0,0
BRDA:86,8,1,0
BRDA:87,9,0,0
BRDA:87,9,1,0
BRDA:88,10,0,0
BRDA:88,10,1,0
BRDA:95,11,0,0
BRDA:95,11,1,0
BRDA:98,12,0,0
BRDA:98,12,1,0
BRDA:114,13,0,0
BRDA:114,13,1,0
BRDA:115,14,0,0
BRDA:115,14,1,0
BRDA:115,15,0,0
BRDA:115,15,1,0
BRDA:120,16,0,0
BRDA:120,16,1,0
BRDA:125,17,0,0
BRDA:125,17,1,0
BRDA:138,18,0,10
BRDA:138,18,1,10
BRDA:139,19,0,10
BRDA:139,19,1,10
BRDA:142,20,0,10
BRDA:142,20,1,10
BRDA:143,21,0,10
BRDA:143,21,1,10
BRDA:147,22,0,0
BRDA:147,22,1,1
BRDA:153,23,0,0
BRDA:153,23,1,0
BRDA:155,24,0,1
BRDA:155,24,1,0
BRDA:162,25,0,0
BRDA:162,25,1,0
BRDA:162,26,0,0
BRDA:162,26,1,0
BRDA:169,27,0,0
BRDA:169,27,1,0
BRDA:171,28,0,0
BRDA:171,28,1,0
BRDA:179,29,0,0
BRDA:179,29,1,0
BRDA:191,30,0,0
BRDA:191,30,1,0
BRDA:191,31,0,0
BRDA:191,31,1,0
BRDA:198,32,0,0
BRDA:198,32,1,0
BRDA:203,33,0,0
BRDA:203,33,1,0
BRDA:203,34,0,0
BRDA:203,34,1,0
BRDA:220,35,0,0
BRDA:220,35,1,0
BRDA:221,36,0,0
BRDA:221,36,1,0
BRDA:226,37,0,0
BRDA:226,37,1,0
BRDA:303,38,0,0
BRDA:303,38,1,0
BRDA:303,38,2,0
BRDA:313,39,0,10
BRDA:313,39,1,0
BRDA:320,40,0,0
BRDA:320,40,1,0
BRDA:341,41,0,0
BRDA:341,41,1,0
BRDA:347,42,0,0
BRDA:347,42,1,0
BRDA:347,42,2,0
BRDA:353,43,0,0
BRDA:353,43,1,0
BRDA:360,44,0,0
BRDA:360,44,1,0
BRDA:360,44,2,0
BRDA:360,44,3,0
BRDA:372,45,0,10
BRDA:372,45,1,0
BRDA:374,46,0,10
BRDA:374,46,1,0
BRDA:380,47,0,0
BRDA:380,47,1,10
BRDA:383,48,0,0
BRDA:383,48,1,0
BRDA:391,49,0,0
BRDA:391,49,1,0
BRDA:391,49,2,0
BRDA:391,49,3,0
BRDA:397,50,0,0
BRDA:397,50,1,0
BRDA:397,50,2,0
BRDA:400,51,0,0
BRDA:400,51,1,0
BRF:112
BRH:16
end_of_record
TN:
SF:screens\staff\TodayTask.tsx
FN:25,(anonymous_0)
FN:87,(anonymous_1)
FN:97,(anonymous_2)
FN:110,TodayTask
FN:122,(anonymous_4)
FN:136,(anonymous_5)
FN:145,(anonymous_6)
FN:154,(anonymous_7)
FN:157,(anonymous_8)
FN:158,(anonymous_9)
FN:162,(anonymous_10)
FN:171,(anonymous_11)
FN:177,(anonymous_12)
FN:182,(anonymous_13)
FN:193,(anonymous_14)
FN:220,(anonymous_15)
FN:227,(anonymous_16)
FN:249,(anonymous_17)
FN:255,(anonymous_18)
FN:274,(anonymous_19)
FN:281,(anonymous_20)
FN:311,(anonymous_21)
FN:319,(anonymous_22)
FNF:23
FNH:7
FNDA:1,(anonymous_0)
FNDA:0,(anonymous_1)
FNDA:0,(anonymous_2)
FNDA:6,TodayTask
FNDA:0,(anonymous_4)
FNDA:0,(anonymous_5)
FNDA:6,(anonymous_6)
FNDA:0,(anonymous_7)
FNDA:0,(anonymous_8)
FNDA:0,(anonymous_9)
FNDA:0,(anonymous_10)
FNDA:0,(anonymous_11)
FNDA:0,(anonymous_12)
FNDA:60,(anonymous_13)
FNDA:0,(anonymous_14)
FNDA:0,(anonymous_15)
FNDA:0,(anonymous_16)
FNDA:78,(anonymous_17)
FNDA:12,(anonymous_18)
FNDA:30,(anonymous_19)
FNDA:0,(anonymous_20)
FNDA:0,(anonymous_21)
FNDA:0,(anonymous_22)
DA:25,1
DA:26,1
DA:27,1
DA:28,1
DA:29,1
DA:44,1
DA:45,61
DA:46,61
DA:47,61
DA:56,1
DA:59,1
DA:60,1
DA:61,1
DA:63,1
DA:65,1
DA:72,1
DA:79,1
DA:87,1
DA:88,0
DA:89,0
DA:90,0
DA:91,0
DA:92,0
DA:93,0
DA:94,0
DA:97,1
DA:101,0
DA:102,0
DA:103,0
DA:111,6
DA:112,6
DA:113,6
DA:114,6
DA:115,6
DA:116,6
DA:117,6
DA:120,6
DA:122,6
DA:123,0
DA:124,0
DA:125,0
DA:126,0
DA:127,0
DA:130,0
DA:132,0
DA:136,6
DA:137,0
DA:138,0
DA:139,0
DA:145,6
DA:146,6
DA:153,6
DA:155,0
DA:156,0
DA:157,0
DA:158,0
DA:162,6
DA:163,0
DA:166,0
DA:167,0
DA:168,0
DA:171,6
DA:172,0
DA:173,0
DA:174,0
DA:177,6
DA:178,0
DA:179,0
DA:182,6
DA:189,60
DA:190,60
DA:193,0
DA:209,6
DA:220,0
DA:227,0
DA:249,78
DA:255,12
DA:275,30
DA:281,0
DA:313,0
DA:314,0
DA:315,0
DA:320,0
DA:373,1
LF:84
LH:43
BRDA:88,0,0,0
BRDA:88,0,1,0
BRDA:92,1,0,0
BRDA:92,1,1,0
BRDA:93,2,0,0
BRDA:93,2,1,0
BRDA:104,3,0,0
BRDA:104,3,1,0
BRDA:104,3,2,0
BRDA:126,4,0,0
BRDA:126,4,1,0
BRDA:127,5,0,0
BRDA:127,5,1,0
BRDA:163,6,0,0
BRDA:163,6,1,0
BRDA:167,7,0,0
BRDA:167,7,1,0
BRDA:168,8,0,0
BRDA:168,8,1,0
BRDA:172,9,0,0
BRDA:172,9,1,0
BRDA:172,10,0,0
BRDA:172,10,1,0
BRDA:173,11,0,0
BRDA:173,11,1,0
BRDA:192,12,0,60
BRDA:192,12,1,0
BRDA:195,13,0,60
BRDA:195,13,1,0
BRDA:198,14,0,60
BRDA:198,14,1,0
BRDA:201,15,0,60
BRDA:201,15,1,0
BRDA:204,16,0,60
BRDA:204,16,1,0
BRDA:204,16,2,0
BRDA:231,17,0,6
BRDA:231,17,1,0
BRDA:234,18,0,0
BRDA:234,18,1,0
BRDA:279,19,0,30
BRDA:279,19,1,6
BRDA:286,20,0,30
BRDA:286,20,1,6
BRDA:296,21,0,6
BRDA:296,21,1,0
BRDA:305,22,0,6
BRDA:305,22,1,6
BRDA:305,22,2,6
BRDA:310,23,0,6
BRDA:310,23,1,6
BRDA:313,24,0,0
BRDA:313,24,1,0
BRDA:314,25,0,0
BRDA:314,25,1,0
BRDA:317,26,0,0
BRDA:317,26,1,0
BRF:57
BRH:16
end_of_record
